<?xml version="1.0" encoding="UTF-8"?>
<coverage generated="1657855391256" clover="3.2.0">
  <project timestamp="1657855391256" name="All files">
    <metrics statements="268" coveredstatements="247" conditionals="56" coveredconditionals="43" methods="106" coveredmethods="87" elements="430" coveredelements="377" complexity="0" loc="268" ncloc="268" packages="7" files="19" classes="19">
      <package name="API_TDD">
        <metrics statements="1" coveredstatements="1" conditionals="0" coveredconditionals="0" methods="0" coveredmethods="0"/>
        <file name="knexfile.js" path="C:\Users\Lucas\OneDrive\Área de Trabalho\API_TDD\knexfile.js">
          <metrics statements="1" coveredstatements="1" conditionals="0" coveredconditionals="0" methods="0" coveredmethods="0"/>
          <line num="1" count="7" type="stmt"/>
        </file>
      </package>
      <package name="API_TDD.src">
        <metrics statements="20" coveredstatements="20" conditionals="4" coveredconditionals="4" methods="2" coveredmethods="2"/>
        <file name="app.js" path="C:\Users\Lucas\OneDrive\Área de Trabalho\API_TDD\src\app.js">
          <metrics statements="20" coveredstatements="20" conditionals="4" coveredconditionals="4" methods="2" coveredmethods="2"/>
          <line num="1" count="7" type="stmt"/>
          <line num="3" count="7" type="stmt"/>
          <line num="5" count="7" type="stmt"/>
          <line num="6" count="7" type="stmt"/>
          <line num="7" count="7" type="stmt"/>
          <line num="9" count="7" type="stmt"/>
          <line num="11" count="7" type="stmt"/>
          <line num="12" count="7" type="stmt"/>
          <line num="15" count="7" type="stmt"/>
          <line num="16" count="7" type="stmt"/>
          <line num="21" count="7" type="stmt"/>
          <line num="33" count="7" type="stmt"/>
          <line num="34" count="1" type="stmt"/>
          <line num="37" count="7" type="stmt"/>
          <line num="38" count="16" type="stmt"/>
          <line num="39" count="16" type="cond" truecount="2" falsecount="0"/>
          <line num="40" count="16" type="cond" truecount="2" falsecount="0"/>
          <line num="41" count="12" type="stmt"/>
          <line num="42" count="7" type="stmt"/>
          <line num="53" count="7" type="stmt"/>
        </file>
      </package>
      <package name="API_TDD.src.config">
        <metrics statements="24" coveredstatements="22" conditionals="2" coveredconditionals="1" methods="6" coveredmethods="5"/>
        <file name="passport.js" path="C:\Users\Lucas\OneDrive\Área de Trabalho\API_TDD\src\config\passport.js">
          <metrics statements="14" coveredstatements="12" conditionals="2" coveredconditionals="1" methods="5" coveredmethods="4"/>
          <line num="1" count="7" type="stmt"/>
          <line num="2" count="7" type="stmt"/>
          <line num="4" count="7" type="stmt"/>
          <line num="6" count="7" type="stmt"/>
          <line num="8" count="7" type="stmt"/>
          <line num="9" count="7" type="stmt"/>
          <line num="14" count="7" type="stmt"/>
          <line num="15" count="37" type="stmt"/>
          <line num="17" count="37" type="cond" truecount="1" falsecount="1"/>
          <line num="18" count="0" type="stmt"/>
          <line num="19" count="0" type="stmt"/>
          <line num="22" count="7" type="stmt"/>
          <line num="24" count="7" type="stmt"/>
          <line num="25" count="7" type="stmt"/>
        </file>
        <file name="router.js" path="C:\Users\Lucas\OneDrive\Área de Trabalho\API_TDD\src\config\router.js">
          <metrics statements="10" coveredstatements="10" conditionals="0" coveredconditionals="0" methods="1" coveredmethods="1"/>
          <line num="1" count="7" type="stmt"/>
          <line num="2" count="7" type="stmt"/>
          <line num="4" count="7" type="stmt"/>
          <line num="5" count="7" type="stmt"/>
          <line num="7" count="7" type="stmt"/>
          <line num="10" count="7" type="stmt"/>
          <line num="11" count="7" type="stmt"/>
          <line num="12" count="7" type="stmt"/>
          <line num="13" count="7" type="stmt"/>
          <line num="15" count="7" type="stmt"/>
        </file>
      </package>
      <package name="API_TDD.src.errors">
        <metrics statements="6" coveredstatements="6" conditionals="1" coveredconditionals="1" methods="2" coveredmethods="2"/>
        <file name="RecursoBlock.js" path="C:\Users\Lucas\OneDrive\Área de Trabalho\API_TDD\src\errors\RecursoBlock.js">
          <metrics statements="3" coveredstatements="3" conditionals="1" coveredconditionals="1" methods="1" coveredmethods="1"/>
          <line num="1" count="7" type="cond" truecount="1" falsecount="0"/>
          <line num="2" count="4" type="stmt"/>
          <line num="3" count="4" type="stmt"/>
        </file>
        <file name="ValidationError.js" path="C:\Users\Lucas\OneDrive\Área de Trabalho\API_TDD\src\errors\ValidationError.js">
          <metrics statements="3" coveredstatements="3" conditionals="0" coveredconditionals="0" methods="1" coveredmethods="1"/>
          <line num="1" count="7" type="stmt"/>
          <line num="2" count="9" type="stmt"/>
          <line num="3" count="9" type="stmt"/>
        </file>
      </package>
      <package name="API_TDD.src.routes">
        <metrics statements="121" coveredstatements="104" conditionals="8" coveredconditionals="8" methods="62" coveredmethods="46"/>
        <file name="accounts.js" path="C:\Users\Lucas\OneDrive\Área de Trabalho\API_TDD\src\routes\accounts.js">
          <metrics statements="30" coveredstatements="27" conditionals="2" coveredconditionals="2" methods="19" coveredmethods="16"/>
          <line num="1" count="7" type="stmt"/>
          <line num="2" count="7" type="stmt"/>
          <line num="4" count="7" type="stmt"/>
          <line num="5" count="7" type="stmt"/>
          <line num="7" count="7" type="stmt"/>
          <line num="8" count="7" type="stmt"/>
          <line num="10" count="7" type="cond" truecount="2" falsecount="0"/>
          <line num="11" count="4" type="stmt"/>
          <line num="12" count="3" type="stmt"/>
          <line num="16" count="7" type="stmt"/>
          <line num="17" count="3" type="stmt"/>
          <line num="19" count="1" type="stmt"/>
          <line num="20" count="2" type="stmt"/>
          <line num="23" count="7" type="stmt"/>
          <line num="24" count="1" type="stmt"/>
          <line num="25" count="1" type="stmt"/>
          <line num="26" count="0" type="stmt"/>
          <line num="29" count="7" type="stmt"/>
          <line num="30" count="1" type="stmt"/>
          <line num="31" count="1" type="stmt"/>
          <line num="32" count="0" type="stmt"/>
          <line num="35" count="7" type="stmt"/>
          <line num="36" count="1" type="stmt"/>
          <line num="37" count="1" type="stmt"/>
          <line num="38" count="0" type="stmt"/>
          <line num="41" count="7" type="stmt"/>
          <line num="42" count="2" type="stmt"/>
          <line num="43" count="1" type="stmt"/>
          <line num="44" count="1" type="stmt"/>
          <line num="47" count="7" type="stmt"/>
        </file>
        <file name="auth.js" path="C:\Users\Lucas\OneDrive\Área de Trabalho\API_TDD\src\routes\auth.js">
          <metrics statements="22" coveredstatements="21" conditionals="4" coveredconditionals="4" methods="5" coveredmethods="5"/>
          <line num="1" count="7" type="stmt"/>
          <line num="2" count="7" type="stmt"/>
          <line num="3" count="7" type="stmt"/>
          <line num="4" count="7" type="stmt"/>
          <line num="6" count="7" type="stmt"/>
          <line num="8" count="7" type="stmt"/>
          <line num="9" count="7" type="stmt"/>
          <line num="11" count="7" type="stmt"/>
          <line num="12" count="3" type="stmt"/>
          <line num="14" count="3" type="cond" truecount="2" falsecount="0"/>
          <line num="15" count="2" type="cond" truecount="2" falsecount="0"/>
          <line num="16" count="1" type="stmt"/>
          <line num="21" count="1" type="stmt"/>
          <line num="22" count="1" type="stmt"/>
          <line num="24" count="1" type="stmt"/>
          <line num="25" count="2" type="stmt"/>
          <line num="28" count="7" type="stmt"/>
          <line num="29" count="1" type="stmt"/>
          <line num="30" count="1" type="stmt"/>
          <line num="31" count="1" type="stmt"/>
          <line num="33" count="0" type="stmt"/>
          <line num="37" count="7" type="stmt"/>
        </file>
        <file name="balances.js" path="C:\Users\Lucas\OneDrive\Área de Trabalho\API_TDD\src\routes\balances.js">
          <metrics statements="8" coveredstatements="5" conditionals="0" coveredconditionals="0" methods="4" coveredmethods="1"/>
          <line num="1" count="7" type="stmt"/>
          <line num="3" count="7" type="stmt"/>
          <line num="4" count="7" type="stmt"/>
          <line num="6" count="7" type="stmt"/>
          <line num="7" count="0" type="stmt"/>
          <line num="8" count="0" type="stmt"/>
          <line num="9" count="0" type="stmt"/>
          <line num="12" count="7" type="stmt"/>
        </file>
        <file name="transactions.js" path="C:\Users\Lucas\OneDrive\Área de Trabalho\API_TDD\src\routes\transactions.js">
          <metrics statements="30" coveredstatements="26" conditionals="2" coveredconditionals="2" methods="19" coveredmethods="15"/>
          <line num="1" count="7" type="stmt"/>
          <line num="2" count="7" type="stmt"/>
          <line num="4" count="7" type="stmt"/>
          <line num="5" count="7" type="stmt"/>
          <line num="7" count="7" type="stmt"/>
          <line num="8" count="4" type="stmt"/>
          <line num="10" count="4" type="cond" truecount="2" falsecount="0"/>
          <line num="11" count="1" type="stmt"/>
          <line num="12" count="1" type="stmt"/>
          <line num="15" count="7" type="stmt"/>
          <line num="16" count="1" type="stmt"/>
          <line num="17" count="1" type="stmt"/>
          <line num="18" count="0" type="stmt"/>
          <line num="21" count="7" type="stmt"/>
          <line num="22" count="8" type="stmt"/>
          <line num="23" count="4" type="stmt"/>
          <line num="24" count="3" type="stmt"/>
          <line num="27" count="7" type="stmt"/>
          <line num="28" count="1" type="stmt"/>
          <line num="29" count="1" type="stmt"/>
          <line num="30" count="0" type="stmt"/>
          <line num="33" count="7" type="stmt"/>
          <line num="34" count="1" type="stmt"/>
          <line num="35" count="1" type="stmt"/>
          <line num="36" count="0" type="stmt"/>
          <line num="39" count="7" type="stmt"/>
          <line num="40" count="1" type="stmt"/>
          <line num="41" count="1" type="stmt"/>
          <line num="42" count="0" type="stmt"/>
          <line num="45" count="7" type="stmt"/>
        </file>
        <file name="transfers.js" path="C:\Users\Lucas\OneDrive\Área de Trabalho\API_TDD\src\routes\transfers.js">
          <metrics statements="17" coveredstatements="12" conditionals="0" coveredconditionals="0" methods="10" coveredmethods="5"/>
          <line num="1" count="7" type="stmt"/>
          <line num="3" count="7" type="stmt"/>
          <line num="4" count="7" type="stmt"/>
          <line num="12" count="7" type="stmt"/>
          <line num="13" count="1" type="stmt"/>
          <line num="14" count="1" type="stmt"/>
          <line num="15" count="0" type="stmt"/>
          <line num="18" count="7" type="stmt"/>
          <line num="19" count="2" type="stmt"/>
          <line num="20" count="2" type="stmt"/>
          <line num="21" count="2" type="stmt"/>
          <line num="22" count="0" type="stmt"/>
          <line num="25" count="7" type="stmt"/>
          <line num="26" count="0" type="stmt"/>
          <line num="27" count="0" type="stmt"/>
          <line num="28" count="0" type="stmt"/>
          <line num="37" count="7" type="stmt"/>
        </file>
        <file name="users.js" path="C:\Users\Lucas\OneDrive\Área de Trabalho\API_TDD\src\routes\users.js">
          <metrics statements="14" coveredstatements="13" conditionals="0" coveredconditionals="0" methods="5" coveredmethods="4"/>
          <line num="2" count="7" type="stmt"/>
          <line num="3" count="7" type="stmt"/>
          <line num="5" count="7" type="stmt"/>
          <line num="6" count="7" type="stmt"/>
          <line num="8" count="7" type="stmt"/>
          <line num="9" count="1" type="stmt"/>
          <line num="10" count="1" type="stmt"/>
          <line num="11" count="0" type="stmt"/>
          <line num="15" count="7" type="stmt"/>
          <line num="16" count="5" type="stmt"/>
          <line num="17" count="5" type="stmt"/>
          <line num="18" count="2" type="stmt"/>
          <line num="20" count="3" type="stmt"/>
          <line num="24" count="7" type="stmt"/>
        </file>
      </package>
      <package name="API_TDD.src.seeds">
        <metrics statements="12" coveredstatements="12" conditionals="0" coveredconditionals="0" methods="10" coveredmethods="10"/>
        <file name="01_transfer.js" path="C:\Users\Lucas\OneDrive\Área de Trabalho\API_TDD\src\seeds\01_transfer.js">
          <metrics statements="9" coveredstatements="9" conditionals="0" coveredconditionals="0" methods="8" coveredmethods="8"/>
          <line num="2" count="2" type="stmt"/>
          <line num="4" count="2" type="stmt"/>
          <line num="5" count="2" type="stmt"/>
          <line num="6" count="2" type="stmt"/>
          <line num="7" count="2" type="stmt"/>
          <line num="8" count="2" type="stmt"/>
          <line num="12" count="2" type="stmt"/>
          <line num="18" count="2" type="stmt"/>
          <line num="22" count="2" type="stmt"/>
        </file>
        <file name="02_balance.js" path="C:\Users\Lucas\OneDrive\Área de Trabalho\API_TDD\src\seeds\02_balance.js">
          <metrics statements="3" coveredstatements="3" conditionals="0" coveredconditionals="0" methods="2" coveredmethods="2"/>
          <line num="2" count="2" type="stmt"/>
          <line num="4" count="2" type="stmt"/>
          <line num="8" count="2" type="stmt"/>
        </file>
      </package>
      <package name="API_TDD.src.services">
        <metrics statements="84" coveredstatements="82" conditionals="41" coveredconditionals="29" methods="24" coveredmethods="22"/>
        <file name="account.js" path="C:\Users\Lucas\OneDrive\Área de Trabalho\API_TDD\src\services\account.js">
          <metrics statements="19" coveredstatements="19" conditionals="7" coveredconditionals="6" methods="6" coveredmethods="6"/>
          <line num="1" count="7" type="stmt"/>
          <line num="2" count="7" type="stmt"/>
          <line num="4" count="7" type="stmt"/>
          <line num="5" count="7" type="stmt"/>
          <line num="6" count="3" type="cond" truecount="2" falsecount="0"/>
          <line num="8" count="2" type="stmt"/>
          <line num="9" count="2" type="cond" truecount="2" falsecount="0"/>
          <line num="11" count="1" type="stmt"/>
          <line num="13" count="7" type="stmt"/>
          <line num="14" count="1" type="stmt"/>
          <line num="17" count="7" type="cond" truecount="0" falsecount="1"/>
          <line num="18" count="10" type="stmt"/>
          <line num="21" count="7" type="stmt"/>
          <line num="22" count="1" type="stmt"/>
          <line num="27" count="7" type="stmt"/>
          <line num="28" count="2" type="stmt"/>
          <line num="29" count="2" type="cond" truecount="2" falsecount="0"/>
          <line num="31" count="1" type="stmt"/>
          <line num="36" count="7" type="stmt"/>
        </file>
        <file name="balance.js" path="C:\Users\Lucas\OneDrive\Área de Trabalho\API_TDD\src\services\balance.js">
          <metrics statements="4" coveredstatements="3" conditionals="0" coveredconditionals="0" methods="2" coveredmethods="1"/>
          <line num="1" count="7" type="stmt"/>
          <line num="2" count="7" type="stmt"/>
          <line num="3" count="0" type="stmt"/>
          <line num="12" count="7" type="stmt"/>
        </file>
        <file name="transactions.js" path="C:\Users\Lucas\OneDrive\Área de Trabalho\API_TDD\src\services\transactions.js">
          <metrics statements="18" coveredstatements="18" conditionals="9" coveredconditionals="9" methods="6" coveredmethods="6"/>
          <line num="1" count="7" type="stmt"/>
          <line num="2" count="7" type="stmt"/>
          <line num="4" count="7" type="stmt"/>
          <line num="5" count="7" type="cond" truecount="1" falsecount="0"/>
          <line num="6" count="5" type="stmt"/>
          <line num="13" count="7" type="stmt"/>
          <line num="14" count="3" type="stmt"/>
          <line num="19" count="7" type="stmt"/>
          <line num="20" count="8" type="cond" truecount="2" falsecount="0"/>
          <line num="22" count="7" type="stmt"/>
          <line num="23" count="7" type="cond" truecount="6" falsecount="0"/>
          <line num="26" count="4" type="stmt"/>
          <line num="28" count="7" type="stmt"/>
          <line num="32" count="7" type="stmt"/>
          <line num="33" count="1" type="stmt"/>
          <line num="38" count="7" type="stmt"/>
          <line num="39" count="1" type="stmt"/>
          <line num="46" count="7" type="stmt"/>
        </file>
        <file name="transfers.js" path="C:\Users\Lucas\OneDrive\Área de Trabalho\API_TDD\src\services\transfers.js">
          <metrics statements="23" coveredstatements="22" conditionals="16" coveredconditionals="7" methods="5" coveredmethods="4"/>
          <line num="1" count="7" type="stmt"/>
          <line num="2" count="7" type="stmt"/>
          <line num="3" count="7" type="stmt"/>
          <line num="4" count="7" type="cond" truecount="0" falsecount="1"/>
          <line num="5" count="1" type="stmt"/>
          <line num="10" count="7" type="cond" truecount="0" falsecount="1"/>
          <line num="11" count="0" type="stmt"/>
          <line num="16" count="7" type="stmt"/>
          <line num="17" count="2" type="cond" truecount="1" falsecount="1"/>
          <line num="18" count="2" type="cond" truecount="1" falsecount="1"/>
          <line num="19" count="2" type="cond" truecount="1" falsecount="1"/>
          <line num="20" count="2" type="cond" truecount="1" falsecount="1"/>
          <line num="21" count="2" type="cond" truecount="1" falsecount="1"/>
          <line num="22" count="2" type="cond" truecount="1" falsecount="1"/>
          <line num="24" count="2" type="stmt"/>
          <line num="25" count="2" type="stmt"/>
          <line num="26" count="4" type="cond" truecount="1" falsecount="1"/>
          <line num="29" count="2" type="stmt"/>
          <line num="30" count="2" type="stmt"/>
          <line num="32" count="2" type="stmt"/>
          <line num="37" count="2" type="stmt"/>
          <line num="38" count="2" type="stmt"/>
          <line num="57" count="7" type="stmt"/>
        </file>
        <file name="user.js" path="C:\Users\Lucas\OneDrive\Área de Trabalho\API_TDD\src\services\user.js">
          <metrics statements="20" coveredstatements="20" conditionals="9" coveredconditionals="7" methods="5" coveredmethods="5"/>
          <line num="1" count="7" type="stmt"/>
          <line num="2" count="7" type="stmt"/>
          <line num="4" count="7" type="stmt"/>
          <line num="5" count="7" type="stmt"/>
          <line num="6" count="1" type="stmt"/>
          <line num="9" count="7" type="cond" truecount="0" falsecount="1"/>
          <line num="10" count="67" type="stmt"/>
          <line num="13" count="7" type="stmt"/>
          <line num="14" count="26" type="stmt"/>
          <line num="15" count="26" type="stmt"/>
          <line num="18" count="7" type="stmt"/>
          <line num="20" count="29" type="cond" truecount="2" falsecount="0"/>
          <line num="21" count="28" type="cond" truecount="2" falsecount="0"/>
          <line num="22" count="27" type="cond" truecount="2" falsecount="0"/>
          <line num="24" count="26" type="stmt"/>
          <line num="25" count="26" type="cond" truecount="1" falsecount="1"/>
          <line num="27" count="26" type="stmt"/>
          <line num="28" count="26" type="stmt"/>
          <line num="29" count="26" type="stmt"/>
          <line num="32" count="7" type="stmt"/>
        </file>
      </package>
    </metrics>
  </project>
</coverage>
