{"C:\\Users\\Lucas\\OneDrive\\Área de Trabalho\\API_TDD\\knexfile.js": {"path":"C:\\Users\\Lucas\\OneDrive\\Área de Trabalho\\API_TDD\\knexfile.js","statementMap":{"0":{"start":{"line":1,"column":0},"end":{"line":18,"column":2}}},"fnMap":{},"branchMap":{},"s":{"0":7},"f":{},"b":{},"_coverageSchema":"332fd63041d2c1bcb487cc26dd0d5f7d97098a6c","hash":"b18428ae0824ff425a707ae0f83a79280055c46f"}
,"C:\\Users\\Lucas\\OneDrive\\Área de Trabalho\\API_TDD\\src\\app.js": {"path":"C:\\Users\\Lucas\\OneDrive\\Área de Trabalho\\API_TDD\\src\\app.js","statementMap":{"0":{"start":{"line":1,"column":12},"end":{"line":1,"column":32}},"1":{"start":{"line":3,"column":16},"end":{"line":3,"column":34}},"2":{"start":{"line":5,"column":13},"end":{"line":5,"column":28}},"3":{"start":{"line":6,"column":17},"end":{"line":6,"column":39}},"4":{"start":{"line":7,"column":16},"end":{"line":7,"column":34}},"5":{"start":{"line":9,"column":0},"end":{"line":9,"column":29}},"6":{"start":{"line":11,"column":16},"end":{"line":11,"column":34}},"7":{"start":{"line":12,"column":28},"end":{"line":12,"column":46}},"8":{"start":{"line":15,"column":5},"end":{"line":15,"column":29}},"9":{"start":{"line":16,"column":5},"end":{"line":16,"column":53}},"10":{"start":{"line":21,"column":0},"end":{"line":30,"column":13}},"11":{"start":{"line":33,"column":0},"end":{"line":35,"column":3}},"12":{"start":{"line":34,"column":2},"end":{"line":34,"column":25}},"13":{"start":{"line":37,"column":0},"end":{"line":43,"column":3}},"14":{"start":{"line":38,"column":36},"end":{"line":38,"column":39}},"15":{"start":{"line":39,"column":2},"end":{"line":39,"column":73}},"16":{"start":{"line":39,"column":33},"end":{"line":39,"column":73}},"17":{"start":{"line":40,"column":2},"end":{"line":41,"column":54}},"18":{"start":{"line":40,"column":30},"end":{"line":40,"column":70}},"19":{"start":{"line":41,"column":7},"end":{"line":41,"column":54}},"20":{"start":{"line":42,"column":2},"end":{"line":42,"column":12}},"21":{"start":{"line":53,"column":0},"end":{"line":53,"column":21}}},"fnMap":{"0":{"name":"(anonymous_0)","decl":{"start":{"line":33,"column":13},"end":{"line":33,"column":14}},"loc":{"start":{"line":33,"column":27},"end":{"line":35,"column":1}},"line":33},"1":{"name":"(anonymous_1)","decl":{"start":{"line":37,"column":8},"end":{"line":37,"column":9}},"loc":{"start":{"line":37,"column":33},"end":{"line":43,"column":1}},"line":37}},"branchMap":{"0":{"loc":{"start":{"line":39,"column":2},"end":{"line":39,"column":73}},"type":"if","locations":[{"start":{"line":39,"column":2},"end":{"line":39,"column":73}},{"start":{"line":39,"column":2},"end":{"line":39,"column":73}}],"line":39},"1":{"loc":{"start":{"line":40,"column":2},"end":{"line":41,"column":54}},"type":"if","locations":[{"start":{"line":40,"column":2},"end":{"line":41,"column":54}},{"start":{"line":40,"column":2},"end":{"line":41,"column":54}}],"line":40}},"s":{"0":7,"1":7,"2":7,"3":7,"4":7,"5":7,"6":7,"7":7,"8":7,"9":7,"10":7,"11":7,"12":1,"13":7,"14":16,"15":16,"16":9,"17":16,"18":4,"19":12,"20":7,"21":7},"f":{"0":1,"1":16},"b":{"0":[9,7],"1":[4,12]},"_coverageSchema":"332fd63041d2c1bcb487cc26dd0d5f7d97098a6c","hash":"6b9b1e1a587676836a9674958563a563a4a74990"}
,"C:\\Users\\Lucas\\OneDrive\\Área de Trabalho\\API_TDD\\src\\config\\passport.js": {"path":"C:\\Users\\Lucas\\OneDrive\\Área de Trabalho\\API_TDD\\src\\config\\passport.js","statementMap":{"0":{"start":{"line":1,"column":17},"end":{"line":1,"column":36}},"1":{"start":{"line":2,"column":20},"end":{"line":2,"column":43}},"2":{"start":{"line":4,"column":15},"end":{"line":4,"column":25}},"3":{"start":{"line":6,"column":33},"end":{"line":6,"column":44}},"4":{"start":{"line":8,"column":0},"end":{"line":27,"column":2}},"5":{"start":{"line":9,"column":17},"end":{"line":12,"column":3}},"6":{"start":{"line":14,"column":19},"end":{"line":20,"column":4}},"7":{"start":{"line":15,"column":4},"end":{"line":19,"column":40}},"8":{"start":{"line":17,"column":8},"end":{"line":18,"column":31}},"9":{"start":{"line":17,"column":18},"end":{"line":17,"column":43}},"10":{"start":{"line":18,"column":13},"end":{"line":18,"column":31}},"11":{"start":{"line":19,"column":22},"end":{"line":19,"column":38}},"12":{"start":{"line":22,"column":2},"end":{"line":22,"column":25}},"13":{"start":{"line":24,"column":2},"end":{"line":26,"column":4}},"14":{"start":{"line":25,"column":24},"end":{"line":25,"column":72}}},"fnMap":{"0":{"name":"(anonymous_0)","decl":{"start":{"line":8,"column":17},"end":{"line":8,"column":18}},"loc":{"start":{"line":8,"column":26},"end":{"line":27,"column":1}},"line":8},"1":{"name":"(anonymous_1)","decl":{"start":{"line":14,"column":40},"end":{"line":14,"column":41}},"loc":{"start":{"line":14,"column":59},"end":{"line":20,"column":3}},"line":14},"2":{"name":"(anonymous_2)","decl":{"start":{"line":16,"column":12},"end":{"line":16,"column":13}},"loc":{"start":{"line":16,"column":22},"end":{"line":19,"column":7}},"line":16},"3":{"name":"(anonymous_3)","decl":{"start":{"line":19,"column":15},"end":{"line":19,"column":16}},"loc":{"start":{"line":19,"column":22},"end":{"line":19,"column":38}},"line":19},"4":{"name":"(anonymous_4)","decl":{"start":{"line":25,"column":18},"end":{"line":25,"column":19}},"loc":{"start":{"line":25,"column":24},"end":{"line":25,"column":72}},"line":25}},"branchMap":{"0":{"loc":{"start":{"line":17,"column":8},"end":{"line":18,"column":31}},"type":"if","locations":[{"start":{"line":17,"column":8},"end":{"line":18,"column":31}},{"start":{"line":17,"column":8},"end":{"line":18,"column":31}}],"line":17}},"s":{"0":7,"1":7,"2":7,"3":7,"4":7,"5":7,"6":7,"7":37,"8":37,"9":37,"10":0,"11":0,"12":7,"13":7,"14":7},"f":{"0":7,"1":37,"2":37,"3":0,"4":7},"b":{"0":[37,0]},"_coverageSchema":"332fd63041d2c1bcb487cc26dd0d5f7d97098a6c","hash":"4f5e3d278cc30ef4c0f70cf89ece1c1d2f2cbc2c"}
,"C:\\Users\\Lucas\\OneDrive\\Área de Trabalho\\API_TDD\\src\\config\\router.js": {"path":"C:\\Users\\Lucas\\OneDrive\\Área de Trabalho\\API_TDD\\src\\config\\router.js","statementMap":{"0":{"start":{"line":1,"column":16},"end":{"line":1,"column":34}},"1":{"start":{"line":2,"column":12},"end":{"line":2,"column":29}},"2":{"start":{"line":4,"column":0},"end":{"line":19,"column":2}},"3":{"start":{"line":5,"column":2},"end":{"line":5,"column":36}},"4":{"start":{"line":7,"column":21},"end":{"line":7,"column":37}},"5":{"start":{"line":10,"column":4},"end":{"line":10,"column":46}},"6":{"start":{"line":11,"column":4},"end":{"line":11,"column":52}},"7":{"start":{"line":12,"column":4},"end":{"line":12,"column":60}},"8":{"start":{"line":13,"column":4},"end":{"line":13,"column":54}},"9":{"start":{"line":15,"column":4},"end":{"line":15,"column":68}}},"fnMap":{"0":{"name":"(anonymous_0)","decl":{"start":{"line":4,"column":17},"end":{"line":4,"column":18}},"loc":{"start":{"line":4,"column":26},"end":{"line":19,"column":1}},"line":4}},"branchMap":{},"s":{"0":7,"1":7,"2":7,"3":7,"4":7,"5":7,"6":7,"7":7,"8":7,"9":7},"f":{"0":7},"b":{},"_coverageSchema":"332fd63041d2c1bcb487cc26dd0d5f7d97098a6c","hash":"e2e8b3b2c5d31077e08308ca1e647d8586c14eda"}
,"C:\\Users\\Lucas\\OneDrive\\Área de Trabalho\\API_TDD\\src\\errors\\RecursoBlock.js": {"path":"C:\\Users\\Lucas\\OneDrive\\Área de Trabalho\\API_TDD\\src\\errors\\RecursoBlock.js","statementMap":{"0":{"start":{"line":1,"column":0},"end":{"line":4,"column":2}},"1":{"start":{"line":2,"column":2},"end":{"line":2,"column":29}},"2":{"start":{"line":3,"column":2},"end":{"line":3,"column":25}}},"fnMap":{"0":{"name":"RecursoBlock","decl":{"start":{"line":1,"column":26},"end":{"line":1,"column":38}},"loc":{"start":{"line":1,"column":68},"end":{"line":4,"column":1}},"line":1}},"branchMap":{"0":{"loc":{"start":{"line":1,"column":39},"end":{"line":1,"column":65}},"type":"default-arg","locations":[{"start":{"line":1,"column":49},"end":{"line":1,"column":65}}],"line":1}},"s":{"0":7,"1":4,"2":4},"f":{"0":4},"b":{"0":[4]},"_coverageSchema":"332fd63041d2c1bcb487cc26dd0d5f7d97098a6c","hash":"517fcaca6c74c02220442078c7f547ad2d63be64"}
,"C:\\Users\\Lucas\\OneDrive\\Área de Trabalho\\API_TDD\\src\\errors\\ValidationError.js": {"path":"C:\\Users\\Lucas\\OneDrive\\Área de Trabalho\\API_TDD\\src\\errors\\ValidationError.js","statementMap":{"0":{"start":{"line":1,"column":0},"end":{"line":4,"column":1}},"1":{"start":{"line":2,"column":2},"end":{"line":2,"column":32}},"2":{"start":{"line":3,"column":2},"end":{"line":3,"column":25}}},"fnMap":{"0":{"name":"ValidationError","decl":{"start":{"line":1,"column":26},"end":{"line":1,"column":41}},"loc":{"start":{"line":1,"column":51},"end":{"line":4,"column":1}},"line":1}},"branchMap":{},"s":{"0":7,"1":9,"2":9},"f":{"0":9},"b":{},"_coverageSchema":"332fd63041d2c1bcb487cc26dd0d5f7d97098a6c","hash":"86286774f61689da11603ee1b0e4c4905a725d70"}
,"C:\\Users\\Lucas\\OneDrive\\Área de Trabalho\\API_TDD\\src\\routes\\accounts.js": {"path":"C:\\Users\\Lucas\\OneDrive\\Área de Trabalho\\API_TDD\\src\\routes\\accounts.js","statementMap":{"0":{"start":{"line":1,"column":16},"end":{"line":1,"column":34}},"1":{"start":{"line":2,"column":21},"end":{"line":2,"column":54}},"2":{"start":{"line":4,"column":0},"end":{"line":48,"column":2}},"3":{"start":{"line":5,"column":17},"end":{"line":5,"column":33}},"4":{"start":{"line":7,"column":2},"end":{"line":13,"column":5}},"5":{"start":{"line":8,"column":4},"end":{"line":12,"column":33}},"6":{"start":{"line":10,"column":8},"end":{"line":11,"column":20}},"7":{"start":{"line":10,"column":40},"end":{"line":10,"column":65}},"8":{"start":{"line":11,"column":13},"end":{"line":11,"column":20}},"9":{"start":{"line":12,"column":22},"end":{"line":12,"column":31}},"10":{"start":{"line":16,"column":2},"end":{"line":21,"column":5}},"11":{"start":{"line":17,"column":4},"end":{"line":20,"column":33}},"12":{"start":{"line":19,"column":8},"end":{"line":19,"column":46}},"13":{"start":{"line":20,"column":22},"end":{"line":20,"column":31}},"14":{"start":{"line":23,"column":2},"end":{"line":27,"column":5}},"15":{"start":{"line":24,"column":4},"end":{"line":26,"column":31}},"16":{"start":{"line":25,"column":22},"end":{"line":25,"column":50}},"17":{"start":{"line":26,"column":20},"end":{"line":26,"column":29}},"18":{"start":{"line":29,"column":2},"end":{"line":33,"column":3}},"19":{"start":{"line":30,"column":4},"end":{"line":32,"column":27}},"20":{"start":{"line":31,"column":22},"end":{"line":31,"column":50}},"21":{"start":{"line":32,"column":17},"end":{"line":32,"column":26}},"22":{"start":{"line":35,"column":2},"end":{"line":39,"column":5}},"23":{"start":{"line":36,"column":4},"end":{"line":38,"column":31}},"24":{"start":{"line":37,"column":22},"end":{"line":37,"column":53}},"25":{"start":{"line":38,"column":20},"end":{"line":38,"column":29}},"26":{"start":{"line":41,"column":2},"end":{"line":45,"column":5}},"27":{"start":{"line":42,"column":4},"end":{"line":44,"column":31}},"28":{"start":{"line":43,"column":18},"end":{"line":43,"column":40}},"29":{"start":{"line":44,"column":20},"end":{"line":44,"column":29}},"30":{"start":{"line":47,"column":3},"end":{"line":47,"column":16}}},"fnMap":{"0":{"name":"(anonymous_0)","decl":{"start":{"line":4,"column":17},"end":{"line":4,"column":18}},"loc":{"start":{"line":4,"column":26},"end":{"line":48,"column":1}},"line":4},"1":{"name":"(anonymous_1)","decl":{"start":{"line":7,"column":20},"end":{"line":7,"column":21}},"loc":{"start":{"line":7,"column":40},"end":{"line":13,"column":3}},"line":7},"2":{"name":"(anonymous_2)","decl":{"start":{"line":9,"column":12},"end":{"line":9,"column":13}},"loc":{"start":{"line":9,"column":21},"end":{"line":12,"column":7}},"line":9},"3":{"name":"(anonymous_3)","decl":{"start":{"line":12,"column":15},"end":{"line":12,"column":16}},"loc":{"start":{"line":12,"column":22},"end":{"line":12,"column":31}},"line":12},"4":{"name":"(anonymous_4)","decl":{"start":{"line":16,"column":18},"end":{"line":16,"column":19}},"loc":{"start":{"line":16,"column":37},"end":{"line":21,"column":3}},"line":16},"5":{"name":"(anonymous_5)","decl":{"start":{"line":18,"column":12},"end":{"line":18,"column":13}},"loc":{"start":{"line":18,"column":24},"end":{"line":20,"column":7}},"line":18},"6":{"name":"(anonymous_6)","decl":{"start":{"line":20,"column":15},"end":{"line":20,"column":16}},"loc":{"start":{"line":20,"column":22},"end":{"line":20,"column":31}},"line":20},"7":{"name":"(anonymous_7)","decl":{"start":{"line":23,"column":17},"end":{"line":23,"column":18}},"loc":{"start":{"line":23,"column":37},"end":{"line":27,"column":3}},"line":23},"8":{"name":"(anonymous_8)","decl":{"start":{"line":25,"column":12},"end":{"line":25,"column":13}},"loc":{"start":{"line":25,"column":22},"end":{"line":25,"column":50}},"line":25},"9":{"name":"(anonymous_9)","decl":{"start":{"line":26,"column":13},"end":{"line":26,"column":14}},"loc":{"start":{"line":26,"column":20},"end":{"line":26,"column":29}},"line":26},"10":{"name":"(anonymous_10)","decl":{"start":{"line":29,"column":20},"end":{"line":29,"column":21}},"loc":{"start":{"line":29,"column":39},"end":{"line":33,"column":1}},"line":29},"11":{"name":"(anonymous_11)","decl":{"start":{"line":31,"column":12},"end":{"line":31,"column":13}},"loc":{"start":{"line":31,"column":22},"end":{"line":31,"column":50}},"line":31},"12":{"name":"(anonymous_12)","decl":{"start":{"line":32,"column":10},"end":{"line":32,"column":11}},"loc":{"start":{"line":32,"column":17},"end":{"line":32,"column":26}},"line":32},"13":{"name":"(anonymous_13)","decl":{"start":{"line":35,"column":20},"end":{"line":35,"column":21}},"loc":{"start":{"line":35,"column":40},"end":{"line":39,"column":3}},"line":35},"14":{"name":"(anonymous_14)","decl":{"start":{"line":37,"column":12},"end":{"line":37,"column":13}},"loc":{"start":{"line":37,"column":22},"end":{"line":37,"column":53}},"line":37},"15":{"name":"(anonymous_15)","decl":{"start":{"line":38,"column":13},"end":{"line":38,"column":14}},"loc":{"start":{"line":38,"column":20},"end":{"line":38,"column":29}},"line":38},"16":{"name":"(anonymous_16)","decl":{"start":{"line":41,"column":23},"end":{"line":41,"column":24}},"loc":{"start":{"line":41,"column":42},"end":{"line":45,"column":3}},"line":41},"17":{"name":"(anonymous_17)","decl":{"start":{"line":43,"column":12},"end":{"line":43,"column":13}},"loc":{"start":{"line":43,"column":18},"end":{"line":43,"column":40}},"line":43},"18":{"name":"(anonymous_18)","decl":{"start":{"line":44,"column":13},"end":{"line":44,"column":14}},"loc":{"start":{"line":44,"column":20},"end":{"line":44,"column":29}},"line":44}},"branchMap":{"0":{"loc":{"start":{"line":10,"column":8},"end":{"line":11,"column":20}},"type":"if","locations":[{"start":{"line":10,"column":8},"end":{"line":11,"column":20}},{"start":{"line":10,"column":8},"end":{"line":11,"column":20}}],"line":10}},"s":{"0":7,"1":7,"2":7,"3":7,"4":7,"5":7,"6":7,"7":3,"8":4,"9":3,"10":7,"11":3,"12":1,"13":2,"14":7,"15":1,"16":1,"17":0,"18":7,"19":1,"20":1,"21":0,"22":7,"23":1,"24":1,"25":0,"26":7,"27":2,"28":1,"29":1,"30":7},"f":{"0":7,"1":7,"2":7,"3":3,"4":3,"5":1,"6":2,"7":1,"8":1,"9":0,"10":1,"11":1,"12":0,"13":1,"14":1,"15":0,"16":2,"17":1,"18":1},"b":{"0":[3,4]},"_coverageSchema":"332fd63041d2c1bcb487cc26dd0d5f7d97098a6c","hash":"b327a2009ca8ed1d4bfe2996f20b497b959af060"}
,"C:\\Users\\Lucas\\OneDrive\\Área de Trabalho\\API_TDD\\src\\routes\\auth.js": {"path":"C:\\Users\\Lucas\\OneDrive\\Área de Trabalho\\API_TDD\\src\\routes\\auth.js","statementMap":{"0":{"start":{"line":1,"column":16},"end":{"line":1,"column":34}},"1":{"start":{"line":2,"column":12},"end":{"line":2,"column":33}},"2":{"start":{"line":3,"column":15},"end":{"line":3,"column":39}},"3":{"start":{"line":4,"column":24},"end":{"line":4,"column":60}},"4":{"start":{"line":6,"column":15},"end":{"line":6,"column":25}},"5":{"start":{"line":8,"column":2},"end":{"line":38,"column":2}},"6":{"start":{"line":9,"column":19},"end":{"line":9,"column":35}},"7":{"start":{"line":11,"column":4},"end":{"line":26,"column":5}},"8":{"start":{"line":12,"column":6},"end":{"line":25,"column":33}},"9":{"start":{"line":14,"column":10},"end":{"line":14,"column":78}},"10":{"start":{"line":14,"column":22},"end":{"line":14,"column":78}},"11":{"start":{"line":15,"column":10},"end":{"line":24,"column":65}},"12":{"start":{"line":16,"column":26},"end":{"line":20,"column":11}},"13":{"start":{"line":21,"column":24},"end":{"line":21,"column":51}},"14":{"start":{"line":22,"column":10},"end":{"line":22,"column":42}},"15":{"start":{"line":24,"column":10},"end":{"line":24,"column":65}},"16":{"start":{"line":25,"column":22},"end":{"line":25,"column":31}},"17":{"start":{"line":28,"column":2},"end":{"line":35,"column":5}},"18":{"start":{"line":29,"column":4},"end":{"line":34,"column":5}},"19":{"start":{"line":30,"column":22},"end":{"line":30,"column":60}},"20":{"start":{"line":31,"column":7},"end":{"line":31,"column":46}},"21":{"start":{"line":33,"column":6},"end":{"line":33,"column":23}},"22":{"start":{"line":37,"column":2},"end":{"line":37,"column":15}}},"fnMap":{"0":{"name":"(anonymous_0)","decl":{"start":{"line":8,"column":19},"end":{"line":8,"column":20}},"loc":{"start":{"line":8,"column":28},"end":{"line":38,"column":1}},"line":8},"1":{"name":"(anonymous_1)","decl":{"start":{"line":11,"column":27},"end":{"line":11,"column":28}},"loc":{"start":{"line":11,"column":47},"end":{"line":26,"column":3}},"line":11},"2":{"name":"(anonymous_2)","decl":{"start":{"line":13,"column":14},"end":{"line":13,"column":15}},"loc":{"start":{"line":13,"column":24},"end":{"line":25,"column":7}},"line":13},"3":{"name":"(anonymous_3)","decl":{"start":{"line":25,"column":15},"end":{"line":25,"column":16}},"loc":{"start":{"line":25,"column":22},"end":{"line":25,"column":31}},"line":25},"4":{"name":"(anonymous_4)","decl":{"start":{"line":28,"column":25},"end":{"line":28,"column":26}},"loc":{"start":{"line":28,"column":51},"end":{"line":35,"column":3}},"line":28}},"branchMap":{"0":{"loc":{"start":{"line":14,"column":10},"end":{"line":14,"column":78}},"type":"if","locations":[{"start":{"line":14,"column":10},"end":{"line":14,"column":78}},{"start":{"line":14,"column":10},"end":{"line":14,"column":78}}],"line":14},"1":{"loc":{"start":{"line":15,"column":10},"end":{"line":24,"column":65}},"type":"if","locations":[{"start":{"line":15,"column":10},"end":{"line":24,"column":65}},{"start":{"line":15,"column":10},"end":{"line":24,"column":65}}],"line":15}},"s":{"0":7,"1":7,"2":7,"3":7,"4":7,"5":7,"6":7,"7":7,"8":3,"9":3,"10":1,"11":2,"12":1,"13":1,"14":1,"15":1,"16":2,"17":7,"18":1,"19":1,"20":1,"21":0,"22":7},"f":{"0":7,"1":3,"2":3,"3":2,"4":1},"b":{"0":[1,2],"1":[1,1]},"_coverageSchema":"332fd63041d2c1bcb487cc26dd0d5f7d97098a6c","hash":"0c95bb9d009e4cc79106cb86625d4e2267108510"}
,"C:\\Users\\Lucas\\OneDrive\\Área de Trabalho\\API_TDD\\src\\routes\\balances.js": {"path":"C:\\Users\\Lucas\\OneDrive\\Área de Trabalho\\API_TDD\\src\\routes\\balances.js","statementMap":{"0":{"start":{"line":1,"column":16},"end":{"line":1,"column":35}},"1":{"start":{"line":3,"column":0},"end":{"line":13,"column":2}},"2":{"start":{"line":4,"column":17},"end":{"line":4,"column":33}},"3":{"start":{"line":6,"column":2},"end":{"line":10,"column":5}},"4":{"start":{"line":7,"column":4},"end":{"line":9,"column":30}},"5":{"start":{"line":8,"column":22},"end":{"line":8,"column":50}},"6":{"start":{"line":9,"column":20},"end":{"line":9,"column":29}},"7":{"start":{"line":12,"column":2},"end":{"line":12,"column":15}}},"fnMap":{"0":{"name":"(anonymous_0)","decl":{"start":{"line":3,"column":17},"end":{"line":3,"column":18}},"loc":{"start":{"line":3,"column":26},"end":{"line":13,"column":1}},"line":3},"1":{"name":"(anonymous_1)","decl":{"start":{"line":6,"column":18},"end":{"line":6,"column":19}},"loc":{"start":{"line":6,"column":36},"end":{"line":10,"column":3}},"line":6},"2":{"name":"(anonymous_2)","decl":{"start":{"line":8,"column":12},"end":{"line":8,"column":13}},"loc":{"start":{"line":8,"column":22},"end":{"line":8,"column":50}},"line":8},"3":{"name":"(anonymous_3)","decl":{"start":{"line":9,"column":13},"end":{"line":9,"column":14}},"loc":{"start":{"line":9,"column":20},"end":{"line":9,"column":29}},"line":9}},"branchMap":{},"s":{"0":7,"1":7,"2":7,"3":7,"4":0,"5":0,"6":0,"7":7},"f":{"0":7,"1":0,"2":0,"3":0},"b":{},"_coverageSchema":"332fd63041d2c1bcb487cc26dd0d5f7d97098a6c","hash":"32e0a40b654b760e419680b27ffea50785c20007"}
,"C:\\Users\\Lucas\\OneDrive\\Área de Trabalho\\API_TDD\\src\\routes\\transactions.js": {"path":"C:\\Users\\Lucas\\OneDrive\\Área de Trabalho\\API_TDD\\src\\routes\\transactions.js","statementMap":{"0":{"start":{"line":1,"column":16},"end":{"line":1,"column":34}},"1":{"start":{"line":2,"column":21},"end":{"line":2,"column":54}},"2":{"start":{"line":4,"column":0},"end":{"line":46,"column":1}},"3":{"start":{"line":5,"column":17},"end":{"line":5,"column":33}},"4":{"start":{"line":7,"column":2},"end":{"line":13,"column":5}},"5":{"start":{"line":8,"column":4},"end":{"line":12,"column":33}},"6":{"start":{"line":10,"column":8},"end":{"line":11,"column":38}},"7":{"start":{"line":10,"column":31},"end":{"line":10,"column":38}},"8":{"start":{"line":11,"column":13},"end":{"line":11,"column":38}},"9":{"start":{"line":12,"column":22},"end":{"line":12,"column":31}},"10":{"start":{"line":15,"column":2},"end":{"line":19,"column":5}},"11":{"start":{"line":16,"column":4},"end":{"line":18,"column":31}},"12":{"start":{"line":17,"column":22},"end":{"line":17,"column":50}},"13":{"start":{"line":18,"column":20},"end":{"line":18,"column":29}},"14":{"start":{"line":21,"column":2},"end":{"line":25,"column":5}},"15":{"start":{"line":22,"column":4},"end":{"line":24,"column":31}},"16":{"start":{"line":23,"column":22},"end":{"line":23,"column":53}},"17":{"start":{"line":24,"column":20},"end":{"line":24,"column":29}},"18":{"start":{"line":27,"column":2},"end":{"line":31,"column":5}},"19":{"start":{"line":28,"column":6},"end":{"line":30,"column":31}},"20":{"start":{"line":29,"column":22},"end":{"line":29,"column":50}},"21":{"start":{"line":30,"column":20},"end":{"line":30,"column":29}},"22":{"start":{"line":33,"column":2},"end":{"line":37,"column":6}},"23":{"start":{"line":34,"column":6},"end":{"line":36,"column":31}},"24":{"start":{"line":35,"column":22},"end":{"line":35,"column":53}},"25":{"start":{"line":36,"column":20},"end":{"line":36,"column":29}},"26":{"start":{"line":39,"column":2},"end":{"line":43,"column":6}},"27":{"start":{"line":40,"column":6},"end":{"line":42,"column":31}},"28":{"start":{"line":41,"column":18},"end":{"line":41,"column":40}},"29":{"start":{"line":42,"column":20},"end":{"line":42,"column":29}},"30":{"start":{"line":45,"column":2},"end":{"line":45,"column":16}}},"fnMap":{"0":{"name":"(anonymous_0)","decl":{"start":{"line":4,"column":17},"end":{"line":4,"column":18}},"loc":{"start":{"line":4,"column":26},"end":{"line":46,"column":1}},"line":4},"1":{"name":"(anonymous_1)","decl":{"start":{"line":7,"column":21},"end":{"line":7,"column":22}},"loc":{"start":{"line":7,"column":41},"end":{"line":13,"column":3}},"line":7},"2":{"name":"(anonymous_2)","decl":{"start":{"line":9,"column":12},"end":{"line":9,"column":13}},"loc":{"start":{"line":9,"column":24},"end":{"line":12,"column":7}},"line":9},"3":{"name":"(anonymous_3)","decl":{"start":{"line":12,"column":15},"end":{"line":12,"column":16}},"loc":{"start":{"line":12,"column":22},"end":{"line":12,"column":31}},"line":12},"4":{"name":"(anonymous_4)","decl":{"start":{"line":15,"column":18},"end":{"line":15,"column":19}},"loc":{"start":{"line":15,"column":38},"end":{"line":19,"column":3}},"line":15},"5":{"name":"(anonymous_5)","decl":{"start":{"line":17,"column":12},"end":{"line":17,"column":13}},"loc":{"start":{"line":17,"column":22},"end":{"line":17,"column":50}},"line":17},"6":{"name":"(anonymous_6)","decl":{"start":{"line":18,"column":13},"end":{"line":18,"column":14}},"loc":{"start":{"line":18,"column":20},"end":{"line":18,"column":29}},"line":18},"7":{"name":"(anonymous_7)","decl":{"start":{"line":21,"column":19},"end":{"line":21,"column":20}},"loc":{"start":{"line":21,"column":39},"end":{"line":25,"column":3}},"line":21},"8":{"name":"(anonymous_8)","decl":{"start":{"line":23,"column":12},"end":{"line":23,"column":13}},"loc":{"start":{"line":23,"column":22},"end":{"line":23,"column":53}},"line":23},"9":{"name":"(anonymous_9)","decl":{"start":{"line":24,"column":13},"end":{"line":24,"column":14}},"loc":{"start":{"line":24,"column":20},"end":{"line":24,"column":29}},"line":24},"10":{"name":"(anonymous_10)","decl":{"start":{"line":27,"column":21},"end":{"line":27,"column":22}},"loc":{"start":{"line":27,"column":41},"end":{"line":31,"column":3}},"line":27},"11":{"name":"(anonymous_11)","decl":{"start":{"line":29,"column":12},"end":{"line":29,"column":13}},"loc":{"start":{"line":29,"column":22},"end":{"line":29,"column":50}},"line":29},"12":{"name":"(anonymous_12)","decl":{"start":{"line":30,"column":13},"end":{"line":30,"column":14}},"loc":{"start":{"line":30,"column":20},"end":{"line":30,"column":29}},"line":30},"13":{"name":"(anonymous_13)","decl":{"start":{"line":33,"column":20},"end":{"line":33,"column":21}},"loc":{"start":{"line":33,"column":40},"end":{"line":37,"column":4}},"line":33},"14":{"name":"(anonymous_14)","decl":{"start":{"line":35,"column":12},"end":{"line":35,"column":13}},"loc":{"start":{"line":35,"column":22},"end":{"line":35,"column":53}},"line":35},"15":{"name":"(anonymous_15)","decl":{"start":{"line":36,"column":13},"end":{"line":36,"column":14}},"loc":{"start":{"line":36,"column":20},"end":{"line":36,"column":29}},"line":36},"16":{"name":"(anonymous_16)","decl":{"start":{"line":39,"column":23},"end":{"line":39,"column":24}},"loc":{"start":{"line":39,"column":43},"end":{"line":43,"column":4}},"line":39},"17":{"name":"(anonymous_17)","decl":{"start":{"line":41,"column":12},"end":{"line":41,"column":13}},"loc":{"start":{"line":41,"column":18},"end":{"line":41,"column":40}},"line":41},"18":{"name":"(anonymous_18)","decl":{"start":{"line":42,"column":13},"end":{"line":42,"column":14}},"loc":{"start":{"line":42,"column":20},"end":{"line":42,"column":29}},"line":42}},"branchMap":{"0":{"loc":{"start":{"line":10,"column":8},"end":{"line":11,"column":38}},"type":"if","locations":[{"start":{"line":10,"column":8},"end":{"line":11,"column":38}},{"start":{"line":10,"column":8},"end":{"line":11,"column":38}}],"line":10}},"s":{"0":7,"1":7,"2":7,"3":7,"4":7,"5":4,"6":4,"7":3,"8":1,"9":1,"10":7,"11":1,"12":1,"13":0,"14":7,"15":8,"16":4,"17":3,"18":7,"19":1,"20":1,"21":0,"22":7,"23":1,"24":1,"25":0,"26":7,"27":1,"28":1,"29":0,"30":7},"f":{"0":7,"1":4,"2":4,"3":1,"4":1,"5":1,"6":0,"7":8,"8":4,"9":3,"10":1,"11":1,"12":0,"13":1,"14":1,"15":0,"16":1,"17":1,"18":0},"b":{"0":[3,1]},"_coverageSchema":"332fd63041d2c1bcb487cc26dd0d5f7d97098a6c","hash":"eb25e98dea4a5b8a036c891790493e037408805e"}
,"C:\\Users\\Lucas\\OneDrive\\Área de Trabalho\\API_TDD\\src\\routes\\transfers.js": {"path":"C:\\Users\\Lucas\\OneDrive\\Área de Trabalho\\API_TDD\\src\\routes\\transfers.js","statementMap":{"0":{"start":{"line":1,"column":16},"end":{"line":1,"column":35}},"1":{"start":{"line":3,"column":0},"end":{"line":38,"column":2}},"2":{"start":{"line":4,"column":17},"end":{"line":4,"column":33}},"3":{"start":{"line":12,"column":2},"end":{"line":16,"column":5}},"4":{"start":{"line":13,"column":4},"end":{"line":15,"column":31}},"5":{"start":{"line":14,"column":22},"end":{"line":14,"column":50}},"6":{"start":{"line":15,"column":20},"end":{"line":15,"column":29}},"7":{"start":{"line":18,"column":2},"end":{"line":23,"column":5}},"8":{"start":{"line":19,"column":22},"end":{"line":19,"column":59}},"9":{"start":{"line":20,"column":4},"end":{"line":22,"column":31}},"10":{"start":{"line":21,"column":22},"end":{"line":21,"column":53}},"11":{"start":{"line":22,"column":20},"end":{"line":22,"column":29}},"12":{"start":{"line":25,"column":3},"end":{"line":29,"column":5}},"13":{"start":{"line":26,"column":4},"end":{"line":28,"column":31}},"14":{"start":{"line":27,"column":22},"end":{"line":27,"column":50}},"15":{"start":{"line":28,"column":20},"end":{"line":28,"column":29}},"16":{"start":{"line":37,"column":2},"end":{"line":37,"column":16}}},"fnMap":{"0":{"name":"(anonymous_0)","decl":{"start":{"line":3,"column":17},"end":{"line":3,"column":18}},"loc":{"start":{"line":3,"column":26},"end":{"line":38,"column":1}},"line":3},"1":{"name":"(anonymous_1)","decl":{"start":{"line":12,"column":18},"end":{"line":12,"column":19}},"loc":{"start":{"line":12,"column":36},"end":{"line":16,"column":3}},"line":12},"2":{"name":"(anonymous_2)","decl":{"start":{"line":14,"column":12},"end":{"line":14,"column":13}},"loc":{"start":{"line":14,"column":22},"end":{"line":14,"column":50}},"line":14},"3":{"name":"(anonymous_3)","decl":{"start":{"line":15,"column":13},"end":{"line":15,"column":14}},"loc":{"start":{"line":15,"column":20},"end":{"line":15,"column":29}},"line":15},"4":{"name":"(anonymous_4)","decl":{"start":{"line":18,"column":19},"end":{"line":18,"column":20}},"loc":{"start":{"line":18,"column":37},"end":{"line":23,"column":3}},"line":18},"5":{"name":"(anonymous_5)","decl":{"start":{"line":21,"column":12},"end":{"line":21,"column":13}},"loc":{"start":{"line":21,"column":22},"end":{"line":21,"column":53}},"line":21},"6":{"name":"(anonymous_6)","decl":{"start":{"line":22,"column":13},"end":{"line":22,"column":14}},"loc":{"start":{"line":22,"column":20},"end":{"line":22,"column":29}},"line":22},"7":{"name":"(anonymous_7)","decl":{"start":{"line":25,"column":22},"end":{"line":25,"column":23}},"loc":{"start":{"line":25,"column":40},"end":{"line":29,"column":3}},"line":25},"8":{"name":"(anonymous_8)","decl":{"start":{"line":27,"column":12},"end":{"line":27,"column":13}},"loc":{"start":{"line":27,"column":22},"end":{"line":27,"column":50}},"line":27},"9":{"name":"(anonymous_9)","decl":{"start":{"line":28,"column":13},"end":{"line":28,"column":14}},"loc":{"start":{"line":28,"column":20},"end":{"line":28,"column":29}},"line":28}},"branchMap":{},"s":{"0":7,"1":7,"2":7,"3":7,"4":1,"5":1,"6":0,"7":7,"8":2,"9":2,"10":2,"11":0,"12":7,"13":0,"14":0,"15":0,"16":7},"f":{"0":7,"1":1,"2":1,"3":0,"4":2,"5":2,"6":0,"7":0,"8":0,"9":0},"b":{},"_coverageSchema":"332fd63041d2c1bcb487cc26dd0d5f7d97098a6c","hash":"87d60d657317ef492bf04af800a5a9416d792098"}
,"C:\\Users\\Lucas\\OneDrive\\Área de Trabalho\\API_TDD\\src\\routes\\users.js": {"path":"C:\\Users\\Lucas\\OneDrive\\Área de Trabalho\\API_TDD\\src\\routes\\users.js","statementMap":{"0":{"start":{"line":2,"column":16},"end":{"line":2,"column":34}},"1":{"start":{"line":3,"column":18},"end":{"line":3,"column":35}},"2":{"start":{"line":5,"column":0},"end":{"line":25,"column":2}},"3":{"start":{"line":6,"column":17},"end":{"line":6,"column":33}},"4":{"start":{"line":8,"column":4},"end":{"line":12,"column":5}},"5":{"start":{"line":9,"column":4},"end":{"line":11,"column":29}},"6":{"start":{"line":10,"column":20},"end":{"line":10,"column":48}},"7":{"start":{"line":11,"column":18},"end":{"line":11,"column":27}},"8":{"start":{"line":15,"column":0},"end":{"line":22,"column":5}},"9":{"start":{"line":16,"column":4},"end":{"line":21,"column":5}},"10":{"start":{"line":17,"column":22},"end":{"line":17,"column":60}},"11":{"start":{"line":18,"column":7},"end":{"line":18,"column":46}},"12":{"start":{"line":20,"column":6},"end":{"line":20,"column":23}},"13":{"start":{"line":24,"column":2},"end":{"line":24,"column":15}}},"fnMap":{"0":{"name":"(anonymous_0)","decl":{"start":{"line":5,"column":17},"end":{"line":5,"column":18}},"loc":{"start":{"line":5,"column":26},"end":{"line":25,"column":1}},"line":5},"1":{"name":"(anonymous_1)","decl":{"start":{"line":8,"column":19},"end":{"line":8,"column":20}},"loc":{"start":{"line":8,"column":38},"end":{"line":12,"column":3}},"line":8},"2":{"name":"(anonymous_2)","decl":{"start":{"line":10,"column":10},"end":{"line":10,"column":11}},"loc":{"start":{"line":10,"column":20},"end":{"line":10,"column":48}},"line":10},"3":{"name":"(anonymous_3)","decl":{"start":{"line":11,"column":11},"end":{"line":11,"column":12}},"loc":{"start":{"line":11,"column":18},"end":{"line":11,"column":27}},"line":11},"4":{"name":"(anonymous_4)","decl":{"start":{"line":15,"column":18},"end":{"line":15,"column":19}},"loc":{"start":{"line":15,"column":44},"end":{"line":22,"column":3}},"line":15}},"branchMap":{},"s":{"0":7,"1":7,"2":7,"3":7,"4":7,"5":1,"6":1,"7":0,"8":7,"9":5,"10":5,"11":2,"12":3,"13":7},"f":{"0":7,"1":1,"2":1,"3":0,"4":5},"b":{},"_coverageSchema":"332fd63041d2c1bcb487cc26dd0d5f7d97098a6c","hash":"fedb77a49475b480e3224166be5b8d2e5bbe862a"}
,"C:\\Users\\Lucas\\OneDrive\\Área de Trabalho\\API_TDD\\src\\seeds\\01_transfer.js": {"path":"C:\\Users\\Lucas\\OneDrive\\Área de Trabalho\\API_TDD\\src\\seeds\\01_transfer.js","statementMap":{"0":{"start":{"line":2,"column":0},"end":{"line":30,"column":2}},"1":{"start":{"line":4,"column":2},"end":{"line":28,"column":5}},"2":{"start":{"line":5,"column":16},"end":{"line":5,"column":39}},"3":{"start":{"line":6,"column":16},"end":{"line":6,"column":38}},"4":{"start":{"line":7,"column":16},"end":{"line":7,"column":35}},"5":{"start":{"line":8,"column":16},"end":{"line":11,"column":6}},"6":{"start":{"line":12,"column":16},"end":{"line":17,"column":6}},"7":{"start":{"line":18,"column":16},"end":{"line":21,"column":6}},"8":{"start":{"line":22,"column":16},"end":{"line":27,"column":6}}},"fnMap":{"0":{"name":"(anonymous_0)","decl":{"start":{"line":2,"column":15},"end":{"line":2,"column":16}},"loc":{"start":{"line":2,"column":25},"end":{"line":30,"column":1}},"line":2},"1":{"name":"(anonymous_1)","decl":{"start":{"line":5,"column":10},"end":{"line":5,"column":11}},"loc":{"start":{"line":5,"column":16},"end":{"line":5,"column":39}},"line":5},"2":{"name":"(anonymous_2)","decl":{"start":{"line":6,"column":10},"end":{"line":6,"column":11}},"loc":{"start":{"line":6,"column":16},"end":{"line":6,"column":38}},"line":6},"3":{"name":"(anonymous_3)","decl":{"start":{"line":7,"column":10},"end":{"line":7,"column":11}},"loc":{"start":{"line":7,"column":16},"end":{"line":7,"column":35}},"line":7},"4":{"name":"(anonymous_4)","decl":{"start":{"line":8,"column":10},"end":{"line":8,"column":11}},"loc":{"start":{"line":8,"column":16},"end":{"line":11,"column":6}},"line":8},"5":{"name":"(anonymous_5)","decl":{"start":{"line":12,"column":10},"end":{"line":12,"column":11}},"loc":{"start":{"line":12,"column":16},"end":{"line":17,"column":6}},"line":12},"6":{"name":"(anonymous_6)","decl":{"start":{"line":18,"column":10},"end":{"line":18,"column":11}},"loc":{"start":{"line":18,"column":16},"end":{"line":21,"column":6}},"line":18},"7":{"name":"(anonymous_7)","decl":{"start":{"line":22,"column":10},"end":{"line":22,"column":11}},"loc":{"start":{"line":22,"column":16},"end":{"line":27,"column":6}},"line":22}},"branchMap":{},"s":{"0":2,"1":2,"2":2,"3":2,"4":2,"5":2,"6":2,"7":2,"8":2},"f":{"0":2,"1":2,"2":2,"3":2,"4":2,"5":2,"6":2,"7":2},"b":{},"_coverageSchema":"332fd63041d2c1bcb487cc26dd0d5f7d97098a6c","hash":"1b7c1ceb5be6cb19b14a692b0e918179d102848a"}
,"C:\\Users\\Lucas\\OneDrive\\Área de Trabalho\\API_TDD\\src\\seeds\\02_balance.js": {"path":"C:\\Users\\Lucas\\OneDrive\\Área de Trabalho\\API_TDD\\src\\seeds\\02_balance.js","statementMap":{"0":{"start":{"line":2,"column":0},"end":{"line":14,"column":1}},"1":{"start":{"line":4,"column":4},"end":{"line":13,"column":7}},"2":{"start":{"line":8,"column":16},"end":{"line":13,"column":6}}},"fnMap":{"0":{"name":"(anonymous_0)","decl":{"start":{"line":2,"column":15},"end":{"line":2,"column":16}},"loc":{"start":{"line":2,"column":25},"end":{"line":14,"column":1}},"line":2},"1":{"name":"(anonymous_1)","decl":{"start":{"line":8,"column":10},"end":{"line":8,"column":11}},"loc":{"start":{"line":8,"column":16},"end":{"line":13,"column":6}},"line":8}},"branchMap":{},"s":{"0":2,"1":2,"2":2},"f":{"0":2,"1":2},"b":{},"_coverageSchema":"332fd63041d2c1bcb487cc26dd0d5f7d97098a6c","hash":"6f8b63a4580fbc747759831af64d6e76a7a695c8"}
,"C:\\Users\\Lucas\\OneDrive\\Área de Trabalho\\API_TDD\\src\\services\\account.js": {"path":"C:\\Users\\Lucas\\OneDrive\\Área de Trabalho\\API_TDD\\src\\services\\account.js","statementMap":{"0":{"start":{"line":1,"column":24},"end":{"line":1,"column":60}},"1":{"start":{"line":2,"column":17},"end":{"line":2,"column":46}},"2":{"start":{"line":4,"column":0},"end":{"line":37,"column":2}},"3":{"start":{"line":5,"column":15},"end":{"line":12,"column":3}},"4":{"start":{"line":6,"column":4},"end":{"line":6,"column":96}},"5":{"start":{"line":6,"column":22},"end":{"line":6,"column":96}},"6":{"start":{"line":8,"column":18},"end":{"line":8,"column":77}},"7":{"start":{"line":9,"column":4},"end":{"line":9,"column":83}},"8":{"start":{"line":9,"column":15},"end":{"line":9,"column":83}},"9":{"start":{"line":11,"column":4},"end":{"line":11,"column":50}},"10":{"start":{"line":13,"column":18},"end":{"line":15,"column":3}},"11":{"start":{"line":14,"column":4},"end":{"line":14,"column":54}},"12":{"start":{"line":17,"column":15},"end":{"line":19,"column":3}},"13":{"start":{"line":18,"column":4},"end":{"line":18,"column":54}},"14":{"start":{"line":21,"column":17},"end":{"line":25,"column":3}},"15":{"start":{"line":22,"column":4},"end":{"line":24,"column":27}},"16":{"start":{"line":27,"column":17},"end":{"line":34,"column":3}},"17":{"start":{"line":28,"column":25},"end":{"line":28,"column":77}},"18":{"start":{"line":29,"column":4},"end":{"line":29,"column":90}},"19":{"start":{"line":29,"column":21},"end":{"line":29,"column":90}},"20":{"start":{"line":31,"column":4},"end":{"line":33,"column":12}},"21":{"start":{"line":36,"column":2},"end":{"line":36,"column":45}}},"fnMap":{"0":{"name":"(anonymous_0)","decl":{"start":{"line":4,"column":17},"end":{"line":4,"column":18}},"loc":{"start":{"line":4,"column":26},"end":{"line":37,"column":1}},"line":4},"1":{"name":"(anonymous_1)","decl":{"start":{"line":5,"column":15},"end":{"line":5,"column":16}},"loc":{"start":{"line":5,"column":34},"end":{"line":12,"column":3}},"line":5},"2":{"name":"(anonymous_2)","decl":{"start":{"line":13,"column":18},"end":{"line":13,"column":19}},"loc":{"start":{"line":13,"column":30},"end":{"line":15,"column":3}},"line":13},"3":{"name":"(anonymous_3)","decl":{"start":{"line":17,"column":15},"end":{"line":17,"column":16}},"loc":{"start":{"line":17,"column":33},"end":{"line":19,"column":3}},"line":17},"4":{"name":"(anonymous_4)","decl":{"start":{"line":21,"column":17},"end":{"line":21,"column":18}},"loc":{"start":{"line":21,"column":33},"end":{"line":25,"column":3}},"line":21},"5":{"name":"(anonymous_5)","decl":{"start":{"line":27,"column":17},"end":{"line":27,"column":18}},"loc":{"start":{"line":27,"column":31},"end":{"line":34,"column":3}},"line":27}},"branchMap":{"0":{"loc":{"start":{"line":6,"column":4},"end":{"line":6,"column":96}},"type":"if","locations":[{"start":{"line":6,"column":4},"end":{"line":6,"column":96}},{"start":{"line":6,"column":4},"end":{"line":6,"column":96}}],"line":6},"1":{"loc":{"start":{"line":9,"column":4},"end":{"line":9,"column":83}},"type":"if","locations":[{"start":{"line":9,"column":4},"end":{"line":9,"column":83}},{"start":{"line":9,"column":4},"end":{"line":9,"column":83}}],"line":9},"2":{"loc":{"start":{"line":17,"column":16},"end":{"line":17,"column":27}},"type":"default-arg","locations":[{"start":{"line":17,"column":25},"end":{"line":17,"column":27}}],"line":17},"3":{"loc":{"start":{"line":29,"column":4},"end":{"line":29,"column":90}},"type":"if","locations":[{"start":{"line":29,"column":4},"end":{"line":29,"column":90}},{"start":{"line":29,"column":4},"end":{"line":29,"column":90}}],"line":29}},"s":{"0":7,"1":7,"2":7,"3":7,"4":3,"5":1,"6":2,"7":2,"8":1,"9":1,"10":7,"11":1,"12":7,"13":10,"14":7,"15":1,"16":7,"17":2,"18":2,"19":1,"20":1,"21":7},"f":{"0":7,"1":3,"2":1,"3":10,"4":1,"5":2},"b":{"0":[1,2],"1":[1,1],"2":[0],"3":[1,1]},"_coverageSchema":"332fd63041d2c1bcb487cc26dd0d5f7d97098a6c","hash":"4cc2837d9da42ac83b420479a1c9fedd5b5c3677"}
,"C:\\Users\\Lucas\\OneDrive\\Área de Trabalho\\API_TDD\\src\\services\\balance.js": {"path":"C:\\Users\\Lucas\\OneDrive\\Área de Trabalho\\API_TDD\\src\\services\\balance.js","statementMap":{"0":{"start":{"line":1,"column":0},"end":{"line":13,"column":1}},"1":{"start":{"line":2,"column":19},"end":{"line":10,"column":3}},"2":{"start":{"line":3,"column":4},"end":{"line":9,"column":22}},"3":{"start":{"line":12,"column":2},"end":{"line":12,"column":21}}},"fnMap":{"0":{"name":"(anonymous_0)","decl":{"start":{"line":1,"column":17},"end":{"line":1,"column":18}},"loc":{"start":{"line":1,"column":26},"end":{"line":13,"column":1}},"line":1},"1":{"name":"(anonymous_1)","decl":{"start":{"line":2,"column":19},"end":{"line":2,"column":20}},"loc":{"start":{"line":2,"column":31},"end":{"line":10,"column":3}},"line":2}},"branchMap":{},"s":{"0":7,"1":7,"2":0,"3":7},"f":{"0":7,"1":0},"b":{},"_coverageSchema":"332fd63041d2c1bcb487cc26dd0d5f7d97098a6c","hash":"c5f55c03979c061fa3bb343a1b475f187bc55171"}
,"C:\\Users\\Lucas\\OneDrive\\Área de Trabalho\\API_TDD\\src\\services\\transactions.js": {"path":"C:\\Users\\Lucas\\OneDrive\\Área de Trabalho\\API_TDD\\src\\services\\transactions.js","statementMap":{"0":{"start":{"line":1,"column":24},"end":{"line":1,"column":60}},"1":{"start":{"line":2,"column":21},"end":{"line":2,"column":54}},"2":{"start":{"line":4,"column":0},"end":{"line":47,"column":2}},"3":{"start":{"line":5,"column":15},"end":{"line":11,"column":3}},"4":{"start":{"line":6,"column":4},"end":{"line":10,"column":16}},"5":{"start":{"line":13,"column":18},"end":{"line":17,"column":3}},"6":{"start":{"line":14,"column":4},"end":{"line":16,"column":12}},"7":{"start":{"line":19,"column":15},"end":{"line":30,"column":3}},"8":{"start":{"line":20,"column":4},"end":{"line":20,"column":96}},"9":{"start":{"line":20,"column":34},"end":{"line":20,"column":96}},"10":{"start":{"line":22,"column":27},"end":{"line":22,"column":45}},"11":{"start":{"line":23,"column":4},"end":{"line":27,"column":5}},"12":{"start":{"line":26,"column":6},"end":{"line":26,"column":35}},"13":{"start":{"line":28,"column":4},"end":{"line":29,"column":31}},"14":{"start":{"line":32,"column":17},"end":{"line":36,"column":3}},"15":{"start":{"line":33,"column":4},"end":{"line":35,"column":30}},"16":{"start":{"line":38,"column":17},"end":{"line":42,"column":3}},"17":{"start":{"line":39,"column":4},"end":{"line":41,"column":12}},"18":{"start":{"line":46,"column":2},"end":{"line":46,"column":47}}},"fnMap":{"0":{"name":"(anonymous_0)","decl":{"start":{"line":4,"column":17},"end":{"line":4,"column":18}},"loc":{"start":{"line":4,"column":26},"end":{"line":47,"column":1}},"line":4},"1":{"name":"(anonymous_1)","decl":{"start":{"line":5,"column":15},"end":{"line":5,"column":16}},"loc":{"start":{"line":5,"column":40},"end":{"line":11,"column":3}},"line":5},"2":{"name":"(anonymous_2)","decl":{"start":{"line":13,"column":18},"end":{"line":13,"column":19}},"loc":{"start":{"line":13,"column":30},"end":{"line":17,"column":3}},"line":13},"3":{"name":"(anonymous_3)","decl":{"start":{"line":19,"column":15},"end":{"line":19,"column":16}},"loc":{"start":{"line":19,"column":33},"end":{"line":30,"column":3}},"line":19},"4":{"name":"(anonymous_4)","decl":{"start":{"line":32,"column":17},"end":{"line":32,"column":18}},"loc":{"start":{"line":32,"column":38},"end":{"line":36,"column":3}},"line":32},"5":{"name":"(anonymous_5)","decl":{"start":{"line":38,"column":17},"end":{"line":38,"column":18}},"loc":{"start":{"line":38,"column":25},"end":{"line":42,"column":3}},"line":38}},"branchMap":{"0":{"loc":{"start":{"line":5,"column":24},"end":{"line":5,"column":35}},"type":"default-arg","locations":[{"start":{"line":5,"column":33},"end":{"line":5,"column":35}}],"line":5},"1":{"loc":{"start":{"line":20,"column":4},"end":{"line":20,"column":96}},"type":"if","locations":[{"start":{"line":20,"column":4},"end":{"line":20,"column":96}},{"start":{"line":20,"column":4},"end":{"line":20,"column":96}}],"line":20},"2":{"loc":{"start":{"line":23,"column":4},"end":{"line":27,"column":5}},"type":"if","locations":[{"start":{"line":23,"column":4},"end":{"line":27,"column":5}},{"start":{"line":23,"column":4},"end":{"line":27,"column":5}}],"line":23},"3":{"loc":{"start":{"line":23,"column":7},"end":{"line":24,"column":65}},"type":"binary-expr","locations":[{"start":{"line":23,"column":8},"end":{"line":23,"column":33}},{"start":{"line":23,"column":37},"end":{"line":23,"column":61}},{"start":{"line":24,"column":11},"end":{"line":24,"column":36}},{"start":{"line":24,"column":40},"end":{"line":24,"column":64}}],"line":23}},"s":{"0":7,"1":7,"2":7,"3":7,"4":5,"5":7,"6":3,"7":7,"8":8,"9":1,"10":7,"11":7,"12":4,"13":7,"14":7,"15":1,"16":7,"17":1,"18":7},"f":{"0":7,"1":5,"2":3,"3":8,"4":1,"5":1},"b":{"0":[1],"1":[1,7],"2":[4,3],"3":[7,4,6,3]},"_coverageSchema":"332fd63041d2c1bcb487cc26dd0d5f7d97098a6c","hash":"6752fe3b5385fd301435b8018627089938544597"}
,"C:\\Users\\Lucas\\OneDrive\\Área de Trabalho\\API_TDD\\src\\services\\transfers.js": {"path":"C:\\Users\\Lucas\\OneDrive\\Área de Trabalho\\API_TDD\\src\\services\\transfers.js","statementMap":{"0":{"start":{"line":1,"column":24},"end":{"line":1,"column":60}},"1":{"start":{"line":2,"column":18},"end":{"line":2,"column":48}},"2":{"start":{"line":3,"column":0},"end":{"line":58,"column":2}},"3":{"start":{"line":4,"column":15},"end":{"line":8,"column":3}},"4":{"start":{"line":5,"column":4},"end":{"line":7,"column":16}},"5":{"start":{"line":10,"column":18},"end":{"line":14,"column":3}},"6":{"start":{"line":11,"column":4},"end":{"line":13,"column":21}},"7":{"start":{"line":16,"column":15},"end":{"line":39,"column":3}},"8":{"start":{"line":17,"column":4},"end":{"line":17,"column":92}},"9":{"start":{"line":17,"column":30},"end":{"line":17,"column":92}},"10":{"start":{"line":18,"column":4},"end":{"line":18,"column":87}},"11":{"start":{"line":18,"column":26},"end":{"line":18,"column":87}},"12":{"start":{"line":19,"column":4},"end":{"line":19,"column":83}},"13":{"start":{"line":19,"column":23},"end":{"line":19,"column":83}},"14":{"start":{"line":20,"column":4},"end":{"line":20,"column":100}},"15":{"start":{"line":20,"column":29},"end":{"line":20,"column":100}},"16":{"start":{"line":21,"column":4},"end":{"line":21,"column":102}},"17":{"start":{"line":21,"column":30},"end":{"line":21,"column":102}},"18":{"start":{"line":22,"column":4},"end":{"line":22,"column":128}},"19":{"start":{"line":22,"column":54},"end":{"line":22,"column":128}},"20":{"start":{"line":24,"column":21},"end":{"line":24,"column":104}},"21":{"start":{"line":25,"column":4},"end":{"line":27,"column":7}},"22":{"start":{"line":26,"column":6},"end":{"line":26,"column":125}},"23":{"start":{"line":26,"column":57},"end":{"line":26,"column":125}},"24":{"start":{"line":29,"column":19},"end":{"line":29,"column":66}},"25":{"start":{"line":30,"column":23},"end":{"line":30,"column":35}},"26":{"start":{"line":32,"column":25},"end":{"line":35,"column":5}},"27":{"start":{"line":37,"column":4},"end":{"line":37,"column":54}},"28":{"start":{"line":38,"column":4},"end":{"line":38,"column":18}},"29":{"start":{"line":57,"column":2},"end":{"line":57,"column":32}}},"fnMap":{"0":{"name":"(anonymous_0)","decl":{"start":{"line":3,"column":17},"end":{"line":3,"column":18}},"loc":{"start":{"line":3,"column":26},"end":{"line":58,"column":1}},"line":3},"1":{"name":"(anonymous_1)","decl":{"start":{"line":4,"column":15},"end":{"line":4,"column":16}},"loc":{"start":{"line":4,"column":32},"end":{"line":8,"column":3}},"line":4},"2":{"name":"(anonymous_2)","decl":{"start":{"line":10,"column":18},"end":{"line":10,"column":19}},"loc":{"start":{"line":10,"column":35},"end":{"line":14,"column":3}},"line":10},"3":{"name":"(anonymous_3)","decl":{"start":{"line":16,"column":15},"end":{"line":16,"column":16}},"loc":{"start":{"line":16,"column":35},"end":{"line":39,"column":3}},"line":16},"4":{"name":"(anonymous_4)","decl":{"start":{"line":25,"column":21},"end":{"line":25,"column":22}},"loc":{"start":{"line":25,"column":28},"end":{"line":27,"column":5}},"line":25}},"branchMap":{"0":{"loc":{"start":{"line":4,"column":16},"end":{"line":4,"column":27}},"type":"default-arg","locations":[{"start":{"line":4,"column":25},"end":{"line":4,"column":27}}],"line":4},"1":{"loc":{"start":{"line":10,"column":19},"end":{"line":10,"column":30}},"type":"default-arg","locations":[{"start":{"line":10,"column":28},"end":{"line":10,"column":30}}],"line":10},"2":{"loc":{"start":{"line":17,"column":4},"end":{"line":17,"column":92}},"type":"if","locations":[{"start":{"line":17,"column":4},"end":{"line":17,"column":92}},{"start":{"line":17,"column":4},"end":{"line":17,"column":92}}],"line":17},"3":{"loc":{"start":{"line":18,"column":4},"end":{"line":18,"column":87}},"type":"if","locations":[{"start":{"line":18,"column":4},"end":{"line":18,"column":87}},{"start":{"line":18,"column":4},"end":{"line":18,"column":87}}],"line":18},"4":{"loc":{"start":{"line":19,"column":4},"end":{"line":19,"column":83}},"type":"if","locations":[{"start":{"line":19,"column":4},"end":{"line":19,"column":83}},{"start":{"line":19,"column":4},"end":{"line":19,"column":83}}],"line":19},"5":{"loc":{"start":{"line":20,"column":4},"end":{"line":20,"column":100}},"type":"if","locations":[{"start":{"line":20,"column":4},"end":{"line":20,"column":100}},{"start":{"line":20,"column":4},"end":{"line":20,"column":100}}],"line":20},"6":{"loc":{"start":{"line":21,"column":4},"end":{"line":21,"column":102}},"type":"if","locations":[{"start":{"line":21,"column":4},"end":{"line":21,"column":102}},{"start":{"line":21,"column":4},"end":{"line":21,"column":102}}],"line":21},"7":{"loc":{"start":{"line":22,"column":4},"end":{"line":22,"column":128}},"type":"if","locations":[{"start":{"line":22,"column":4},"end":{"line":22,"column":128}},{"start":{"line":22,"column":4},"end":{"line":22,"column":128}}],"line":22},"8":{"loc":{"start":{"line":26,"column":6},"end":{"line":26,"column":125}},"type":"if","locations":[{"start":{"line":26,"column":6},"end":{"line":26,"column":125}},{"start":{"line":26,"column":6},"end":{"line":26,"column":125}}],"line":26}},"s":{"0":7,"1":7,"2":7,"3":7,"4":1,"5":7,"6":0,"7":7,"8":2,"9":0,"10":2,"11":0,"12":2,"13":0,"14":2,"15":0,"16":2,"17":0,"18":2,"19":0,"20":2,"21":2,"22":4,"23":0,"24":2,"25":2,"26":2,"27":2,"28":2,"29":7},"f":{"0":7,"1":1,"2":0,"3":2,"4":4},"b":{"0":[0],"1":[0],"2":[0,2],"3":[0,2],"4":[0,2],"5":[0,2],"6":[0,2],"7":[0,2],"8":[0,4]},"_coverageSchema":"332fd63041d2c1bcb487cc26dd0d5f7d97098a6c","hash":"9637d3cbcdfd4fc8e9334bd4bcc86d31d700febe"}
,"C:\\Users\\Lucas\\OneDrive\\Área de Trabalho\\API_TDD\\src\\services\\user.js": {"path":"C:\\Users\\Lucas\\OneDrive\\Área de Trabalho\\API_TDD\\src\\services\\user.js","statementMap":{"0":{"start":{"line":1,"column":24},"end":{"line":1,"column":60}},"1":{"start":{"line":2,"column":15},"end":{"line":2,"column":39}},"2":{"start":{"line":4,"column":0},"end":{"line":33,"column":2}},"3":{"start":{"line":5,"column":18},"end":{"line":7,"column":3}},"4":{"start":{"line":6,"column":4},"end":{"line":6,"column":56}},"5":{"start":{"line":9,"column":18},"end":{"line":11,"column":3}},"6":{"start":{"line":10,"column":4},"end":{"line":10,"column":49}},"7":{"start":{"line":13,"column":23},"end":{"line":16,"column":3}},"8":{"start":{"line":14,"column":17},"end":{"line":14,"column":39}},"9":{"start":{"line":15,"column":4},"end":{"line":15,"column":41}},"10":{"start":{"line":18,"column":16},"end":{"line":30,"column":3}},"11":{"start":{"line":20,"column":4},"end":{"line":20,"column":77}},"12":{"start":{"line":20,"column":19},"end":{"line":20,"column":77}},"13":{"start":{"line":21,"column":4},"end":{"line":21,"column":78}},"14":{"start":{"line":21,"column":19},"end":{"line":21,"column":78}},"15":{"start":{"line":22,"column":4},"end":{"line":22,"column":81}},"16":{"start":{"line":22,"column":21},"end":{"line":22,"column":81}},"17":{"start":{"line":24,"column":19},"end":{"line":24,"column":51}},"18":{"start":{"line":25,"column":4},"end":{"line":25,"column":74}},"19":{"start":{"line":25,"column":16},"end":{"line":25,"column":74}},"20":{"start":{"line":27,"column":20},"end":{"line":27,"column":31}},"21":{"start":{"line":28,"column":4},"end":{"line":28,"column":47}},"22":{"start":{"line":29,"column":4},"end":{"line":29,"column":65}},"23":{"start":{"line":32,"column":2},"end":{"line":32,"column":35}}},"fnMap":{"0":{"name":"(anonymous_0)","decl":{"start":{"line":4,"column":17},"end":{"line":4,"column":18}},"loc":{"start":{"line":4,"column":26},"end":{"line":33,"column":1}},"line":4},"1":{"name":"(anonymous_1)","decl":{"start":{"line":5,"column":18},"end":{"line":5,"column":19}},"loc":{"start":{"line":5,"column":24},"end":{"line":7,"column":3}},"line":5},"2":{"name":"(anonymous_2)","decl":{"start":{"line":9,"column":18},"end":{"line":9,"column":19}},"loc":{"start":{"line":9,"column":35},"end":{"line":11,"column":3}},"line":9},"3":{"name":"(anonymous_3)","decl":{"start":{"line":13,"column":23},"end":{"line":13,"column":24}},"loc":{"start":{"line":13,"column":35},"end":{"line":16,"column":3}},"line":13},"4":{"name":"(anonymous_4)","decl":{"start":{"line":18,"column":16},"end":{"line":18,"column":17}},"loc":{"start":{"line":18,"column":32},"end":{"line":30,"column":3}},"line":18}},"branchMap":{"0":{"loc":{"start":{"line":9,"column":19},"end":{"line":9,"column":30}},"type":"default-arg","locations":[{"start":{"line":9,"column":28},"end":{"line":9,"column":30}}],"line":9},"1":{"loc":{"start":{"line":20,"column":4},"end":{"line":20,"column":77}},"type":"if","locations":[{"start":{"line":20,"column":4},"end":{"line":20,"column":77}},{"start":{"line":20,"column":4},"end":{"line":20,"column":77}}],"line":20},"2":{"loc":{"start":{"line":21,"column":4},"end":{"line":21,"column":78}},"type":"if","locations":[{"start":{"line":21,"column":4},"end":{"line":21,"column":78}},{"start":{"line":21,"column":4},"end":{"line":21,"column":78}}],"line":21},"3":{"loc":{"start":{"line":22,"column":4},"end":{"line":22,"column":81}},"type":"if","locations":[{"start":{"line":22,"column":4},"end":{"line":22,"column":81}},{"start":{"line":22,"column":4},"end":{"line":22,"column":81}}],"line":22},"4":{"loc":{"start":{"line":25,"column":4},"end":{"line":25,"column":74}},"type":"if","locations":[{"start":{"line":25,"column":4},"end":{"line":25,"column":74}},{"start":{"line":25,"column":4},"end":{"line":25,"column":74}}],"line":25}},"s":{"0":7,"1":7,"2":7,"3":7,"4":1,"5":7,"6":67,"7":7,"8":26,"9":26,"10":7,"11":29,"12":1,"13":28,"14":1,"15":27,"16":1,"17":26,"18":26,"19":0,"20":26,"21":26,"22":26,"23":7},"f":{"0":7,"1":1,"2":67,"3":26,"4":29},"b":{"0":[0],"1":[1,28],"2":[1,27],"3":[1,26],"4":[0,26]},"_coverageSchema":"332fd63041d2c1bcb487cc26dd0d5f7d97098a6c","hash":"4c883454e21c884679c892671213ed6341a4c309"}
}
