TN:
SF:C:\Users\Lucas\OneDrive\Área de Trabalho\API_TDD\knexfile.js
FNF:0
FNH:0
DA:1,7
LF:1
LH:1
BRF:0
BRH:0
end_of_record
TN:
SF:C:\Users\Lucas\OneDrive\Área de Trabalho\API_TDD\src\app.js
FN:33,(anonymous_0)
FN:37,(anonymous_1)
FNF:2
FNH:2
FNDA:1,(anonymous_0)
FNDA:16,(anonymous_1)
DA:1,7
DA:3,7
DA:5,7
DA:6,7
DA:7,7
DA:9,7
DA:11,7
DA:12,7
DA:15,7
DA:16,7
DA:21,7
DA:33,7
DA:34,1
DA:37,7
DA:38,16
DA:39,16
DA:40,16
DA:41,12
DA:42,7
DA:53,7
LF:20
LH:20
BRDA:39,0,0,9
BRDA:39,0,1,7
BRDA:40,1,0,4
BRDA:40,1,1,12
BRF:4
BRH:4
end_of_record
TN:
SF:C:\Users\Lucas\OneDrive\Área de Trabalho\API_TDD\src\config\passport.js
FN:8,(anonymous_0)
FN:14,(anonymous_1)
FN:16,(anonymous_2)
FN:19,(anonymous_3)
FN:25,(anonymous_4)
FNF:5
FNH:4
FNDA:7,(anonymous_0)
FNDA:37,(anonymous_1)
FNDA:37,(anonymous_2)
FNDA:0,(anonymous_3)
FNDA:7,(anonymous_4)
DA:1,7
DA:2,7
DA:4,7
DA:6,7
DA:8,7
DA:9,7
DA:14,7
DA:15,37
DA:17,37
DA:18,0
DA:19,0
DA:22,7
DA:24,7
DA:25,7
LF:14
LH:12
BRDA:17,0,0,37
BRDA:17,0,1,0
BRF:2
BRH:1
end_of_record
TN:
SF:C:\Users\Lucas\OneDrive\Área de Trabalho\API_TDD\src\config\router.js
FN:4,(anonymous_0)
FNF:1
FNH:1
FNDA:7,(anonymous_0)
DA:1,7
DA:2,7
DA:4,7
DA:5,7
DA:7,7
DA:10,7
DA:11,7
DA:12,7
DA:13,7
DA:15,7
LF:10
LH:10
BRF:0
BRH:0
end_of_record
TN:
SF:C:\Users\Lucas\OneDrive\Área de Trabalho\API_TDD\src\errors\RecursoBlock.js
FN:1,RecursoBlock
FNF:1
FNH:1
FNDA:4,RecursoBlock
DA:1,7
DA:2,4
DA:3,4
LF:3
LH:3
BRDA:1,0,0,4
BRF:1
BRH:1
end_of_record
TN:
SF:C:\Users\Lucas\OneDrive\Área de Trabalho\API_TDD\src\errors\ValidationError.js
FN:1,ValidationError
FNF:1
FNH:1
FNDA:9,ValidationError
DA:1,7
DA:2,9
DA:3,9
LF:3
LH:3
BRF:0
BRH:0
end_of_record
TN:
SF:C:\Users\Lucas\OneDrive\Área de Trabalho\API_TDD\src\routes\accounts.js
FN:4,(anonymous_0)
FN:7,(anonymous_1)
FN:9,(anonymous_2)
FN:12,(anonymous_3)
FN:16,(anonymous_4)
FN:18,(anonymous_5)
FN:20,(anonymous_6)
FN:23,(anonymous_7)
FN:25,(anonymous_8)
FN:26,(anonymous_9)
FN:29,(anonymous_10)
FN:31,(anonymous_11)
FN:32,(anonymous_12)
FN:35,(anonymous_13)
FN:37,(anonymous_14)
FN:38,(anonymous_15)
FN:41,(anonymous_16)
FN:43,(anonymous_17)
FN:44,(anonymous_18)
FNF:19
FNH:16
FNDA:7,(anonymous_0)
FNDA:7,(anonymous_1)
FNDA:7,(anonymous_2)
FNDA:3,(anonymous_3)
FNDA:3,(anonymous_4)
FNDA:1,(anonymous_5)
FNDA:2,(anonymous_6)
FNDA:1,(anonymous_7)
FNDA:1,(anonymous_8)
FNDA:0,(anonymous_9)
FNDA:1,(anonymous_10)
FNDA:1,(anonymous_11)
FNDA:0,(anonymous_12)
FNDA:1,(anonymous_13)
FNDA:1,(anonymous_14)
FNDA:0,(anonymous_15)
FNDA:2,(anonymous_16)
FNDA:1,(anonymous_17)
FNDA:1,(anonymous_18)
DA:1,7
DA:2,7
DA:4,7
DA:5,7
DA:7,7
DA:8,7
DA:10,7
DA:11,4
DA:12,3
DA:16,7
DA:17,3
DA:19,1
DA:20,2
DA:23,7
DA:24,1
DA:25,1
DA:26,0
DA:29,7
DA:30,1
DA:31,1
DA:32,0
DA:35,7
DA:36,1
DA:37,1
DA:38,0
DA:41,7
DA:42,2
DA:43,1
DA:44,1
DA:47,7
LF:30
LH:27
BRDA:10,0,0,3
BRDA:10,0,1,4
BRF:2
BRH:2
end_of_record
TN:
SF:C:\Users\Lucas\OneDrive\Área de Trabalho\API_TDD\src\routes\auth.js
FN:8,(anonymous_0)
FN:11,(anonymous_1)
FN:13,(anonymous_2)
FN:25,(anonymous_3)
FN:28,(anonymous_4)
FNF:5
FNH:5
FNDA:7,(anonymous_0)
FNDA:3,(anonymous_1)
FNDA:3,(anonymous_2)
FNDA:2,(anonymous_3)
FNDA:1,(anonymous_4)
DA:1,7
DA:2,7
DA:3,7
DA:4,7
DA:6,7
DA:8,7
DA:9,7
DA:11,7
DA:12,3
DA:14,3
DA:15,2
DA:16,1
DA:21,1
DA:22,1
DA:24,1
DA:25,2
DA:28,7
DA:29,1
DA:30,1
DA:31,1
DA:33,0
DA:37,7
LF:22
LH:21
BRDA:14,0,0,1
BRDA:14,0,1,2
BRDA:15,1,0,1
BRDA:15,1,1,1
BRF:4
BRH:4
end_of_record
TN:
SF:C:\Users\Lucas\OneDrive\Área de Trabalho\API_TDD\src\routes\balances.js
FN:3,(anonymous_0)
FN:6,(anonymous_1)
FN:8,(anonymous_2)
FN:9,(anonymous_3)
FNF:4
FNH:1
FNDA:7,(anonymous_0)
FNDA:0,(anonymous_1)
FNDA:0,(anonymous_2)
FNDA:0,(anonymous_3)
DA:1,7
DA:3,7
DA:4,7
DA:6,7
DA:7,0
DA:8,0
DA:9,0
DA:12,7
LF:8
LH:5
BRF:0
BRH:0
end_of_record
TN:
SF:C:\Users\Lucas\OneDrive\Área de Trabalho\API_TDD\src\routes\transactions.js
FN:4,(anonymous_0)
FN:7,(anonymous_1)
FN:9,(anonymous_2)
FN:12,(anonymous_3)
FN:15,(anonymous_4)
FN:17,(anonymous_5)
FN:18,(anonymous_6)
FN:21,(anonymous_7)
FN:23,(anonymous_8)
FN:24,(anonymous_9)
FN:27,(anonymous_10)
FN:29,(anonymous_11)
FN:30,(anonymous_12)
FN:33,(anonymous_13)
FN:35,(anonymous_14)
FN:36,(anonymous_15)
FN:39,(anonymous_16)
FN:41,(anonymous_17)
FN:42,(anonymous_18)
FNF:19
FNH:15
FNDA:7,(anonymous_0)
FNDA:4,(anonymous_1)
FNDA:4,(anonymous_2)
FNDA:1,(anonymous_3)
FNDA:1,(anonymous_4)
FNDA:1,(anonymous_5)
FNDA:0,(anonymous_6)
FNDA:8,(anonymous_7)
FNDA:4,(anonymous_8)
FNDA:3,(anonymous_9)
FNDA:1,(anonymous_10)
FNDA:1,(anonymous_11)
FNDA:0,(anonymous_12)
FNDA:1,(anonymous_13)
FNDA:1,(anonymous_14)
FNDA:0,(anonymous_15)
FNDA:1,(anonymous_16)
FNDA:1,(anonymous_17)
FNDA:0,(anonymous_18)
DA:1,7
DA:2,7
DA:4,7
DA:5,7
DA:7,7
DA:8,4
DA:10,4
DA:11,1
DA:12,1
DA:15,7
DA:16,1
DA:17,1
DA:18,0
DA:21,7
DA:22,8
DA:23,4
DA:24,3
DA:27,7
DA:28,1
DA:29,1
DA:30,0
DA:33,7
DA:34,1
DA:35,1
DA:36,0
DA:39,7
DA:40,1
DA:41,1
DA:42,0
DA:45,7
LF:30
LH:26
BRDA:10,0,0,3
BRDA:10,0,1,1
BRF:2
BRH:2
end_of_record
TN:
SF:C:\Users\Lucas\OneDrive\Área de Trabalho\API_TDD\src\routes\transfers.js
FN:3,(anonymous_0)
FN:12,(anonymous_1)
FN:14,(anonymous_2)
FN:15,(anonymous_3)
FN:18,(anonymous_4)
FN:21,(anonymous_5)
FN:22,(anonymous_6)
FN:25,(anonymous_7)
FN:27,(anonymous_8)
FN:28,(anonymous_9)
FNF:10
FNH:5
FNDA:7,(anonymous_0)
FNDA:1,(anonymous_1)
FNDA:1,(anonymous_2)
FNDA:0,(anonymous_3)
FNDA:2,(anonymous_4)
FNDA:2,(anonymous_5)
FNDA:0,(anonymous_6)
FNDA:0,(anonymous_7)
FNDA:0,(anonymous_8)
FNDA:0,(anonymous_9)
DA:1,7
DA:3,7
DA:4,7
DA:12,7
DA:13,1
DA:14,1
DA:15,0
DA:18,7
DA:19,2
DA:20,2
DA:21,2
DA:22,0
DA:25,7
DA:26,0
DA:27,0
DA:28,0
DA:37,7
LF:17
LH:12
BRF:0
BRH:0
end_of_record
TN:
SF:C:\Users\Lucas\OneDrive\Área de Trabalho\API_TDD\src\routes\users.js
FN:5,(anonymous_0)
FN:8,(anonymous_1)
FN:10,(anonymous_2)
FN:11,(anonymous_3)
FN:15,(anonymous_4)
FNF:5
FNH:4
FNDA:7,(anonymous_0)
FNDA:1,(anonymous_1)
FNDA:1,(anonymous_2)
FNDA:0,(anonymous_3)
FNDA:5,(anonymous_4)
DA:2,7
DA:3,7
DA:5,7
DA:6,7
DA:8,7
DA:9,1
DA:10,1
DA:11,0
DA:15,7
DA:16,5
DA:17,5
DA:18,2
DA:20,3
DA:24,7
LF:14
LH:13
BRF:0
BRH:0
end_of_record
TN:
SF:C:\Users\Lucas\OneDrive\Área de Trabalho\API_TDD\src\seeds\01_transfer.js
FN:2,(anonymous_0)
FN:5,(anonymous_1)
FN:6,(anonymous_2)
FN:7,(anonymous_3)
FN:8,(anonymous_4)
FN:12,(anonymous_5)
FN:18,(anonymous_6)
FN:22,(anonymous_7)
FNF:8
FNH:8
FNDA:2,(anonymous_0)
FNDA:2,(anonymous_1)
FNDA:2,(anonymous_2)
FNDA:2,(anonymous_3)
FNDA:2,(anonymous_4)
FNDA:2,(anonymous_5)
FNDA:2,(anonymous_6)
FNDA:2,(anonymous_7)
DA:2,2
DA:4,2
DA:5,2
DA:6,2
DA:7,2
DA:8,2
DA:12,2
DA:18,2
DA:22,2
LF:9
LH:9
BRF:0
BRH:0
end_of_record
TN:
SF:C:\Users\Lucas\OneDrive\Área de Trabalho\API_TDD\src\seeds\02_balance.js
FN:2,(anonymous_0)
FN:8,(anonymous_1)
FNF:2
FNH:2
FNDA:2,(anonymous_0)
FNDA:2,(anonymous_1)
DA:2,2
DA:4,2
DA:8,2
LF:3
LH:3
BRF:0
BRH:0
end_of_record
TN:
SF:C:\Users\Lucas\OneDrive\Área de Trabalho\API_TDD\src\services\account.js
FN:4,(anonymous_0)
FN:5,(anonymous_1)
FN:13,(anonymous_2)
FN:17,(anonymous_3)
FN:21,(anonymous_4)
FN:27,(anonymous_5)
FNF:6
FNH:6
FNDA:7,(anonymous_0)
FNDA:3,(anonymous_1)
FNDA:1,(anonymous_2)
FNDA:10,(anonymous_3)
FNDA:1,(anonymous_4)
FNDA:2,(anonymous_5)
DA:1,7
DA:2,7
DA:4,7
DA:5,7
DA:6,3
DA:8,2
DA:9,2
DA:11,1
DA:13,7
DA:14,1
DA:17,7
DA:18,10
DA:21,7
DA:22,1
DA:27,7
DA:28,2
DA:29,2
DA:31,1
DA:36,7
LF:19
LH:19
BRDA:6,0,0,1
BRDA:6,0,1,2
BRDA:9,1,0,1
BRDA:9,1,1,1
BRDA:17,2,0,0
BRDA:29,3,0,1
BRDA:29,3,1,1
BRF:7
BRH:6
end_of_record
TN:
SF:C:\Users\Lucas\OneDrive\Área de Trabalho\API_TDD\src\services\balance.js
FN:1,(anonymous_0)
FN:2,(anonymous_1)
FNF:2
FNH:1
FNDA:7,(anonymous_0)
FNDA:0,(anonymous_1)
DA:1,7
DA:2,7
DA:3,0
DA:12,7
LF:4
LH:3
BRF:0
BRH:0
end_of_record
TN:
SF:C:\Users\Lucas\OneDrive\Área de Trabalho\API_TDD\src\services\transactions.js
FN:4,(anonymous_0)
FN:5,(anonymous_1)
FN:13,(anonymous_2)
FN:19,(anonymous_3)
FN:32,(anonymous_4)
FN:38,(anonymous_5)
FNF:6
FNH:6
FNDA:7,(anonymous_0)
FNDA:5,(anonymous_1)
FNDA:3,(anonymous_2)
FNDA:8,(anonymous_3)
FNDA:1,(anonymous_4)
FNDA:1,(anonymous_5)
DA:1,7
DA:2,7
DA:4,7
DA:5,7
DA:6,5
DA:13,7
DA:14,3
DA:19,7
DA:20,8
DA:22,7
DA:23,7
DA:26,4
DA:28,7
DA:32,7
DA:33,1
DA:38,7
DA:39,1
DA:46,7
LF:18
LH:18
BRDA:5,0,0,1
BRDA:20,1,0,1
BRDA:20,1,1,7
BRDA:23,2,0,4
BRDA:23,2,1,3
BRDA:23,3,0,7
BRDA:23,3,1,4
BRDA:23,3,2,6
BRDA:23,3,3,3
BRF:9
BRH:9
end_of_record
TN:
SF:C:\Users\Lucas\OneDrive\Área de Trabalho\API_TDD\src\services\transfers.js
FN:3,(anonymous_0)
FN:4,(anonymous_1)
FN:10,(anonymous_2)
FN:16,(anonymous_3)
FN:25,(anonymous_4)
FNF:5
FNH:4
FNDA:7,(anonymous_0)
FNDA:1,(anonymous_1)
FNDA:0,(anonymous_2)
FNDA:2,(anonymous_3)
FNDA:4,(anonymous_4)
DA:1,7
DA:2,7
DA:3,7
DA:4,7
DA:5,1
DA:10,7
DA:11,0
DA:16,7
DA:17,2
DA:18,2
DA:19,2
DA:20,2
DA:21,2
DA:22,2
DA:24,2
DA:25,2
DA:26,4
DA:29,2
DA:30,2
DA:32,2
DA:37,2
DA:38,2
DA:57,7
LF:23
LH:22
BRDA:4,0,0,0
BRDA:10,1,0,0
BRDA:17,2,0,0
BRDA:17,2,1,2
BRDA:18,3,0,0
BRDA:18,3,1,2
BRDA:19,4,0,0
BRDA:19,4,1,2
BRDA:20,5,0,0
BRDA:20,5,1,2
BRDA:21,6,0,0
BRDA:21,6,1,2
BRDA:22,7,0,0
BRDA:22,7,1,2
BRDA:26,8,0,0
BRDA:26,8,1,4
BRF:16
BRH:7
end_of_record
TN:
SF:C:\Users\Lucas\OneDrive\Área de Trabalho\API_TDD\src\services\user.js
FN:4,(anonymous_0)
FN:5,(anonymous_1)
FN:9,(anonymous_2)
FN:13,(anonymous_3)
FN:18,(anonymous_4)
FNF:5
FNH:5
FNDA:7,(anonymous_0)
FNDA:1,(anonymous_1)
FNDA:67,(anonymous_2)
FNDA:26,(anonymous_3)
FNDA:29,(anonymous_4)
DA:1,7
DA:2,7
DA:4,7
DA:5,7
DA:6,1
DA:9,7
DA:10,67
DA:13,7
DA:14,26
DA:15,26
DA:18,7
DA:20,29
DA:21,28
DA:22,27
DA:24,26
DA:25,26
DA:27,26
DA:28,26
DA:29,26
DA:32,7
LF:20
LH:20
BRDA:9,0,0,0
BRDA:20,1,0,1
BRDA:20,1,1,28
BRDA:21,2,0,1
BRDA:21,2,1,27
BRDA:22,3,0,1
BRDA:22,3,1,26
BRDA:25,4,0,0
BRDA:25,4,1,26
BRF:9
BRH:7
end_of_record
